{"/home/piti/Pulpit/inżynierka/smartfamily/server/User/model.js":{"path":"/home/piti/Pulpit/inżynierka/smartfamily/server/User/model.js","statementMap":{"0":{"start":{"line":1,"column":15},"end":{"line":1,"column":32}},"1":{"start":{"line":2,"column":17},"end":{"line":2,"column":36}},"2":{"start":{"line":3,"column":15},"end":{"line":3,"column":42}},"3":{"start":{"line":4,"column":18},"end":{"line":4,"column":38}},"4":{"start":{"line":6,"column":15},"end":{"line":6,"column":32}},"5":{"start":{"line":8,"column":19},"end":{"line":123,"column":1}},"6":{"start":{"line":48,"column":10},"end":{"line":51,"column":11}},"7":{"start":{"line":49,"column":30},"end":{"line":49,"column":67}},"8":{"start":{"line":50,"column":12},"end":{"line":50,"column":35}},"9":{"start":{"line":95,"column":10},"end":{"line":95,"column":39}},"10":{"start":{"line":125,"column":0},"end":{"line":129,"column":3}},"11":{"start":{"line":131,"column":0},"end":{"line":135,"column":3}},"12":{"start":{"line":138,"column":0},"end":{"line":144,"column":3}},"13":{"start":{"line":139,"column":2},"end":{"line":139,"column":50}},"14":{"start":{"line":139,"column":36},"end":{"line":139,"column":50}},"15":{"start":{"line":141,"column":2},"end":{"line":141,"column":40}},"16":{"start":{"line":142,"column":2},"end":{"line":142,"column":35}},"17":{"start":{"line":143,"column":2},"end":{"line":143,"column":9}},"18":{"start":{"line":147,"column":0},"end":{"line":148,"column":55}},"19":{"start":{"line":148,"column":2},"end":{"line":148,"column":54}},"20":{"start":{"line":151,"column":0},"end":{"line":158,"column":2}},"21":{"start":{"line":152,"column":2},"end":{"line":155,"column":3}},"22":{"start":{"line":153,"column":29},"end":{"line":153,"column":75}},"23":{"start":{"line":154,"column":4},"end":{"line":154,"column":43}},"24":{"start":{"line":157,"column":2},"end":{"line":157,"column":15}},"25":{"start":{"line":160,"column":0},"end":{"line":172,"column":2}},"26":{"start":{"line":161,"column":21},"end":{"line":161,"column":59}},"27":{"start":{"line":163,"column":2},"end":{"line":166,"column":19}},"28":{"start":{"line":169,"column":2},"end":{"line":169,"column":58}},"29":{"start":{"line":171,"column":2},"end":{"line":171,"column":20}},"30":{"start":{"line":174,"column":13},"end":{"line":174,"column":47}},"31":{"start":{"line":176,"column":0},"end":{"line":176,"column":22}}},"fnMap":{"0":{"name":"(anonymous_0)","decl":{"start":{"line":47,"column":19},"end":{"line":47,"column":20}},"loc":{"start":{"line":47,"column":34},"end":{"line":52,"column":9}},"line":47},"1":{"name":"(anonymous_1)","decl":{"start":{"line":94,"column":19},"end":{"line":94,"column":20}},"loc":{"start":{"line":94,"column":34},"end":{"line":96,"column":9}},"line":94},"2":{"name":"(anonymous_2)","decl":{"start":{"line":138,"column":23},"end":{"line":138,"column":24}},"loc":{"start":{"line":138,"column":45},"end":{"line":144,"column":1}},"line":138},"3":{"name":"(anonymous_3)","decl":{"start":{"line":147,"column":37},"end":{"line":147,"column":38}},"loc":{"start":{"line":148,"column":2},"end":{"line":148,"column":54}},"line":148},"4":{"name":"(anonymous_4)","decl":{"start":{"line":151,"column":42},"end":{"line":151,"column":43}},"loc":{"start":{"line":151,"column":66},"end":{"line":158,"column":1}},"line":151},"5":{"name":"(anonymous_5)","decl":{"start":{"line":160,"column":46},"end":{"line":160,"column":47}},"loc":{"start":{"line":160,"column":58},"end":{"line":172,"column":1}},"line":160}},"branchMap":{"0":{"loc":{"start":{"line":48,"column":10},"end":{"line":51,"column":11}},"type":"if","locations":[{"start":{"line":48,"column":10},"end":{"line":51,"column":11}},{"start":{"line":48,"column":10},"end":{"line":51,"column":11}}],"line":48},"1":{"loc":{"start":{"line":139,"column":2},"end":{"line":139,"column":50}},"type":"if","locations":[{"start":{"line":139,"column":2},"end":{"line":139,"column":50}},{"start":{"line":139,"column":2},"end":{"line":139,"column":50}}],"line":139},"2":{"loc":{"start":{"line":152,"column":2},"end":{"line":155,"column":3}},"type":"if","locations":[{"start":{"line":152,"column":2},"end":{"line":155,"column":3}},{"start":{"line":152,"column":2},"end":{"line":155,"column":3}}],"line":152}},"s":{"0":1,"1":1,"2":1,"3":1,"4":1,"5":1,"6":16,"7":11,"8":11,"9":16,"10":1,"11":1,"12":1,"13":65,"14":49,"15":16,"16":16,"17":16,"18":1,"19":3,"20":1,"21":2,"22":1,"23":1,"24":1,"25":1,"26":2,"27":2,"28":2,"29":2,"30":1,"31":1},"f":{"0":16,"1":16,"2":65,"3":3,"4":2,"5":2},"b":{"0":[11,5],"1":[49,16],"2":[1,1]},"_coverageSchema":"1a1c01bbd47fc00a2c39e90264f33305004495a9","hash":"bd727e85be83df5dac497b3352c9fd0a86aeffd7","contentHash":"4b604a2f293bf84ad5ffb59f4f725be501cd2958b75fb713c908b2dea1022398"},"/home/piti/Pulpit/inżynierka/smartfamily/server/controllers/authController.js":{"path":"/home/piti/Pulpit/inżynierka/smartfamily/server/controllers/authController.js","statementMap":{"0":{"start":{"line":1,"column":12},"end":{"line":1,"column":35}},"1":{"start":{"line":2,"column":13},"end":{"line":2,"column":39}},"2":{"start":{"line":3,"column":17},"end":{"line":3,"column":47}},"3":{"start":{"line":4,"column":19},"end":{"line":4,"column":51}},"4":{"start":{"line":5,"column":14},"end":{"line":5,"column":41}},"5":{"start":{"line":6,"column":15},"end":{"line":6,"column":32}},"6":{"start":{"line":8,"column":18},"end":{"line":11,"column":4}},"7":{"start":{"line":9,"column":2},"end":{"line":11,"column":4}},"8":{"start":{"line":13,"column":27},"end":{"line":34,"column":1}},"9":{"start":{"line":14,"column":16},"end":{"line":14,"column":35}},"10":{"start":{"line":16,"column":2},"end":{"line":22,"column":5}},"11":{"start":{"line":25,"column":2},"end":{"line":25,"column":28}},"12":{"start":{"line":27,"column":2},"end":{"line":33,"column":5}},"13":{"start":{"line":36,"column":0},"end":{"line":74,"column":3}},"14":{"start":{"line":48,"column":6},"end":{"line":48,"column":14}},"15":{"start":{"line":50,"column":17},"end":{"line":50,"column":34}},"16":{"start":{"line":52,"column":18},"end":{"line":64,"column":4}},"17":{"start":{"line":66,"column":2},"end":{"line":73,"column":3}},"18":{"start":{"line":67,"column":16},"end":{"line":67,"column":57}},"19":{"start":{"line":69,"column":4},"end":{"line":69,"column":48}},"20":{"start":{"line":70,"column":4},"end":{"line":70,"column":47}},"21":{"start":{"line":72,"column":4},"end":{"line":72,"column":63}},"22":{"start":{"line":76,"column":0},"end":{"line":98,"column":3}},"23":{"start":{"line":77,"column":30},"end":{"line":77,"column":38}},"24":{"start":{"line":79,"column":2},"end":{"line":81,"column":3}},"25":{"start":{"line":80,"column":4},"end":{"line":80,"column":72}},"26":{"start":{"line":83,"column":15},"end":{"line":83,"column":79}},"27":{"start":{"line":84,"column":2},"end":{"line":86,"column":3}},"28":{"start":{"line":85,"column":4},"end":{"line":85,"column":75}},"29":{"start":{"line":87,"column":2},"end":{"line":87,"column":20}},"30":{"start":{"line":88,"column":2},"end":{"line":95,"column":3}},"31":{"start":{"line":89,"column":4},"end":{"line":94,"column":6}},"32":{"start":{"line":97,"column":2},"end":{"line":97,"column":42}},"33":{"start":{"line":100,"column":0},"end":{"line":138,"column":3}},"34":{"start":{"line":103,"column":2},"end":{"line":105,"column":3}},"35":{"start":{"line":104,"column":4},"end":{"line":104,"column":52}},"36":{"start":{"line":107,"column":2},"end":{"line":111,"column":3}},"37":{"start":{"line":108,"column":4},"end":{"line":110,"column":6}},"38":{"start":{"line":114,"column":18},"end":{"line":114,"column":59}},"39":{"start":{"line":117,"column":22},"end":{"line":117,"column":53}},"40":{"start":{"line":118,"column":2},"end":{"line":125,"column":3}},"41":{"start":{"line":119,"column":4},"end":{"line":124,"column":6}},"42":{"start":{"line":127,"column":2},"end":{"line":134,"column":3}},"43":{"start":{"line":128,"column":4},"end":{"line":133,"column":6}},"44":{"start":{"line":136,"column":2},"end":{"line":136,"column":25}},"45":{"start":{"line":137,"column":2},"end":{"line":137,"column":9}},"46":{"start":{"line":140,"column":0},"end":{"line":149,"column":4}},"47":{"start":{"line":142,"column":2},"end":{"line":149,"column":3}},"48":{"start":{"line":143,"column":4},"end":{"line":147,"column":5}},"49":{"start":{"line":144,"column":6},"end":{"line":146,"column":8}},"50":{"start":{"line":148,"column":4},"end":{"line":148,"column":18}},"51":{"start":{"line":151,"column":0},"end":{"line":186,"column":3}},"52":{"start":{"line":153,"column":15},"end":{"line":153,"column":60}},"53":{"start":{"line":154,"column":2},"end":{"line":156,"column":3}},"54":{"start":{"line":155,"column":4},"end":{"line":155,"column":75}},"55":{"start":{"line":159,"column":21},"end":{"line":159,"column":52}},"56":{"start":{"line":160,"column":2},"end":{"line":160,"column":49}},"57":{"start":{"line":163,"column":2},"end":{"line":185,"column":3}},"58":{"start":{"line":164,"column":21},"end":{"line":166,"column":48}},"59":{"start":{"line":168,"column":4},"end":{"line":168,"column":56}},"60":{"start":{"line":170,"column":4},"end":{"line":173,"column":7}},"61":{"start":{"line":175,"column":4},"end":{"line":175,"column":40}},"62":{"start":{"line":176,"column":4},"end":{"line":176,"column":42}},"63":{"start":{"line":177,"column":4},"end":{"line":177,"column":51}},"64":{"start":{"line":179,"column":4},"end":{"line":184,"column":6}},"65":{"start":{"line":188,"column":0},"end":{"line":213,"column":3}},"66":{"start":{"line":190,"column":22},"end":{"line":193,"column":18}},"67":{"start":{"line":195,"column":15},"end":{"line":198,"column":4}},"68":{"start":{"line":201,"column":2},"end":{"line":203,"column":3}},"69":{"start":{"line":202,"column":4},"end":{"line":202,"column":70}},"70":{"start":{"line":204,"column":2},"end":{"line":204,"column":36}},"71":{"start":{"line":205,"column":2},"end":{"line":205,"column":50}},"72":{"start":{"line":206,"column":2},"end":{"line":206,"column":38}},"73":{"start":{"line":207,"column":2},"end":{"line":207,"column":40}},"74":{"start":{"line":208,"column":2},"end":{"line":208,"column":20}},"75":{"start":{"line":212,"column":2},"end":{"line":212,"column":42}},"76":{"start":{"line":215,"column":0},"end":{"line":232,"column":3}},"77":{"start":{"line":217,"column":15},"end":{"line":217,"column":67}},"78":{"start":{"line":220,"column":2},"end":{"line":222,"column":3}},"79":{"start":{"line":221,"column":4},"end":{"line":221,"column":70}},"80":{"start":{"line":225,"column":2},"end":{"line":225,"column":36}},"81":{"start":{"line":226,"column":2},"end":{"line":226,"column":50}},"82":{"start":{"line":227,"column":2},"end":{"line":227,"column":20}},"83":{"start":{"line":231,"column":2},"end":{"line":231,"column":49}},"84":{"start":{"line":234,"column":0},"end":{"line":257,"column":3}},"85":{"start":{"line":235,"column":35},"end":{"line":235,"column":43}},"86":{"start":{"line":237,"column":15},"end":{"line":237,"column":60}},"87":{"start":{"line":239,"column":2},"end":{"line":243,"column":3}},"88":{"start":{"line":240,"column":4},"end":{"line":242,"column":6}},"89":{"start":{"line":245,"column":21},"end":{"line":245,"column":76}},"90":{"start":{"line":247,"column":2},"end":{"line":247,"column":31}},"91":{"start":{"line":248,"column":2},"end":{"line":248,"column":43}},"92":{"start":{"line":250,"column":20},"end":{"line":253,"column":3}},"93":{"start":{"line":254,"column":2},"end":{"line":254,"column":63}},"94":{"start":{"line":256,"column":2},"end":{"line":256,"column":53}},"95":{"start":{"line":259,"column":0},"end":{"line":313,"column":3}},"96":{"start":{"line":260,"column":46},"end":{"line":260,"column":54}},"97":{"start":{"line":262,"column":17},"end":{"line":262,"column":75}},"98":{"start":{"line":263,"column":16},"end":{"line":263,"column":67}},"99":{"start":{"line":265,"column":2},"end":{"line":269,"column":3}},"100":{"start":{"line":266,"column":4},"end":{"line":268,"column":6}},"101":{"start":{"line":270,"column":2},"end":{"line":274,"column":3}},"102":{"start":{"line":271,"column":4},"end":{"line":273,"column":6}},"103":{"start":{"line":275,"column":2},"end":{"line":305,"column":3}},"104":{"start":{"line":276,"column":4},"end":{"line":276,"column":29}},"105":{"start":{"line":277,"column":4},"end":{"line":304,"column":5}},"106":{"start":{"line":278,"column":25},"end":{"line":281,"column":7}},"107":{"start":{"line":283,"column":6},"end":{"line":283,"column":37}},"108":{"start":{"line":284,"column":6},"end":{"line":284,"column":30}},"109":{"start":{"line":285,"column":6},"end":{"line":285,"column":49}},"110":{"start":{"line":287,"column":24},"end":{"line":290,"column":7}},"111":{"start":{"line":291,"column":6},"end":{"line":291,"column":69}},"112":{"start":{"line":293,"column":6},"end":{"line":295,"column":8}},"113":{"start":{"line":297,"column":6},"end":{"line":297,"column":55}},"114":{"start":{"line":298,"column":6},"end":{"line":303,"column":8}},"115":{"start":{"line":306,"column":2},"end":{"line":306,"column":25}},"116":{"start":{"line":307,"column":2},"end":{"line":307,"column":26}},"117":{"start":{"line":308,"column":2},"end":{"line":308,"column":28}},"118":{"start":{"line":309,"column":2},"end":{"line":309,"column":22}},"119":{"start":{"line":310,"column":2},"end":{"line":310,"column":51}},"120":{"start":{"line":311,"column":2},"end":{"line":311,"column":50}},"121":{"start":{"line":312,"column":2},"end":{"line":312,"column":66}}},"fnMap":{"0":{"name":"(anonymous_0)","decl":{"start":{"line":8,"column":18},"end":{"line":8,"column":19}},"loc":{"start":{"line":9,"column":2},"end":{"line":11,"column":4}},"line":9},"1":{"name":"(anonymous_1)","decl":{"start":{"line":13,"column":27},"end":{"line":13,"column":28}},"loc":{"start":{"line":13,"column":59},"end":{"line":34,"column":1}},"line":13},"2":{"name":"(anonymous_2)","decl":{"start":{"line":36,"column":28},"end":{"line":36,"column":29}},"loc":{"start":{"line":36,"column":54},"end":{"line":74,"column":1}},"line":36},"3":{"name":"(anonymous_3)","decl":{"start":{"line":76,"column":28},"end":{"line":76,"column":29}},"loc":{"start":{"line":76,"column":54},"end":{"line":98,"column":1}},"line":76},"4":{"name":"(anonymous_4)","decl":{"start":{"line":100,"column":29},"end":{"line":100,"column":30}},"loc":{"start":{"line":100,"column":55},"end":{"line":138,"column":1}},"line":100},"5":{"name":"(anonymous_5)","decl":{"start":{"line":141,"column":2},"end":{"line":141,"column":3}},"loc":{"start":{"line":142,"column":2},"end":{"line":149,"column":3}},"line":142},"6":{"name":"(anonymous_6)","decl":{"start":{"line":142,"column":2},"end":{"line":142,"column":3}},"loc":{"start":{"line":142,"column":22},"end":{"line":149,"column":3}},"line":142},"7":{"name":"(anonymous_7)","decl":{"start":{"line":151,"column":36},"end":{"line":151,"column":37}},"loc":{"start":{"line":151,"column":62},"end":{"line":186,"column":1}},"line":151},"8":{"name":"(anonymous_8)","decl":{"start":{"line":188,"column":35},"end":{"line":188,"column":36}},"loc":{"start":{"line":188,"column":61},"end":{"line":213,"column":1}},"line":188},"9":{"name":"(anonymous_9)","decl":{"start":{"line":215,"column":36},"end":{"line":215,"column":37}},"loc":{"start":{"line":215,"column":62},"end":{"line":232,"column":1}},"line":215},"10":{"name":"(anonymous_10)","decl":{"start":{"line":234,"column":49},"end":{"line":234,"column":50}},"loc":{"start":{"line":234,"column":75},"end":{"line":257,"column":1}},"line":234},"11":{"name":"(anonymous_11)","decl":{"start":{"line":259,"column":45},"end":{"line":259,"column":46}},"loc":{"start":{"line":259,"column":71},"end":{"line":313,"column":1}},"line":259}},"branchMap":{"0":{"loc":{"start":{"line":21,"column":12},"end":{"line":21,"column":70}},"type":"binary-expr","locations":[{"start":{"line":21,"column":12},"end":{"line":21,"column":22}},{"start":{"line":21,"column":26},"end":{"line":21,"column":70}}],"line":21},"1":{"loc":{"start":{"line":66,"column":2},"end":{"line":73,"column":3}},"type":"if","locations":[{"start":{"line":66,"column":2},"end":{"line":73,"column":3}},{"start":{"line":66,"column":2},"end":{"line":73,"column":3}}],"line":66},"2":{"loc":{"start":{"line":79,"column":2},"end":{"line":81,"column":3}},"type":"if","locations":[{"start":{"line":79,"column":2},"end":{"line":81,"column":3}},{"start":{"line":79,"column":2},"end":{"line":81,"column":3}}],"line":79},"3":{"loc":{"start":{"line":79,"column":6},"end":{"line":79,"column":25}},"type":"binary-expr","locations":[{"start":{"line":79,"column":6},"end":{"line":79,"column":12}},{"start":{"line":79,"column":16},"end":{"line":79,"column":25}}],"line":79},"4":{"loc":{"start":{"line":84,"column":2},"end":{"line":86,"column":3}},"type":"if","locations":[{"start":{"line":84,"column":2},"end":{"line":86,"column":3}},{"start":{"line":84,"column":2},"end":{"line":86,"column":3}}],"line":84},"5":{"loc":{"start":{"line":84,"column":6},"end":{"line":84,"column":61}},"type":"binary-expr","locations":[{"start":{"line":84,"column":6},"end":{"line":84,"column":11}},{"start":{"line":84,"column":15},"end":{"line":84,"column":61}}],"line":84},"6":{"loc":{"start":{"line":88,"column":2},"end":{"line":95,"column":3}},"type":"if","locations":[{"start":{"line":88,"column":2},"end":{"line":95,"column":3}},{"start":{"line":88,"column":2},"end":{"line":95,"column":3}}],"line":88},"7":{"loc":{"start":{"line":103,"column":2},"end":{"line":105,"column":3}},"type":"if","locations":[{"start":{"line":103,"column":2},"end":{"line":105,"column":3}},{"start":{"line":103,"column":2},"end":{"line":105,"column":3}}],"line":103},"8":{"loc":{"start":{"line":107,"column":2},"end":{"line":111,"column":3}},"type":"if","locations":[{"start":{"line":107,"column":2},"end":{"line":111,"column":3}},{"start":{"line":107,"column":2},"end":{"line":111,"column":3}}],"line":107},"9":{"loc":{"start":{"line":118,"column":2},"end":{"line":125,"column":3}},"type":"if","locations":[{"start":{"line":118,"column":2},"end":{"line":125,"column":3}},{"start":{"line":118,"column":2},"end":{"line":125,"column":3}}],"line":118},"10":{"loc":{"start":{"line":127,"column":2},"end":{"line":134,"column":3}},"type":"if","locations":[{"start":{"line":127,"column":2},"end":{"line":134,"column":3}},{"start":{"line":127,"column":2},"end":{"line":134,"column":3}}],"line":127},"11":{"loc":{"start":{"line":143,"column":4},"end":{"line":147,"column":5}},"type":"if","locations":[{"start":{"line":143,"column":4},"end":{"line":147,"column":5}},{"start":{"line":143,"column":4},"end":{"line":147,"column":5}}],"line":143},"12":{"loc":{"start":{"line":154,"column":2},"end":{"line":156,"column":3}},"type":"if","locations":[{"start":{"line":154,"column":2},"end":{"line":156,"column":3}},{"start":{"line":154,"column":2},"end":{"line":156,"column":3}}],"line":154},"13":{"loc":{"start":{"line":201,"column":2},"end":{"line":203,"column":3}},"type":"if","locations":[{"start":{"line":201,"column":2},"end":{"line":203,"column":3}},{"start":{"line":201,"column":2},"end":{"line":203,"column":3}}],"line":201},"14":{"loc":{"start":{"line":220,"column":2},"end":{"line":222,"column":3}},"type":"if","locations":[{"start":{"line":220,"column":2},"end":{"line":222,"column":3}},{"start":{"line":220,"column":2},"end":{"line":222,"column":3}}],"line":220},"15":{"loc":{"start":{"line":239,"column":2},"end":{"line":243,"column":3}},"type":"if","locations":[{"start":{"line":239,"column":2},"end":{"line":243,"column":3}},{"start":{"line":239,"column":2},"end":{"line":243,"column":3}}],"line":239},"16":{"loc":{"start":{"line":265,"column":2},"end":{"line":269,"column":3}},"type":"if","locations":[{"start":{"line":265,"column":2},"end":{"line":269,"column":3}},{"start":{"line":265,"column":2},"end":{"line":269,"column":3}}],"line":265},"17":{"loc":{"start":{"line":270,"column":2},"end":{"line":274,"column":3}},"type":"if","locations":[{"start":{"line":270,"column":2},"end":{"line":274,"column":3}},{"start":{"line":270,"column":2},"end":{"line":274,"column":3}}],"line":270},"18":{"loc":{"start":{"line":275,"column":2},"end":{"line":305,"column":3}},"type":"if","locations":[{"start":{"line":275,"column":2},"end":{"line":305,"column":3}},{"start":{"line":275,"column":2},"end":{"line":305,"column":3}}],"line":275},"19":{"loc":{"start":{"line":277,"column":4},"end":{"line":304,"column":5}},"type":"if","locations":[{"start":{"line":277,"column":4},"end":{"line":304,"column":5}},{"start":{"line":277,"column":4},"end":{"line":304,"column":5}}],"line":277}},"s":{"0":1,"1":1,"2":1,"3":1,"4":1,"5":1,"6":1,"7":1,"8":1,"9":1,"10":1,"11":1,"12":1,"13":1,"14":0,"15":0,"16":0,"17":0,"18":0,"19":0,"20":0,"21":0,"22":1,"23":4,"24":4,"25":2,"26":2,"27":2,"28":2,"29":0,"30":0,"31":0,"32":0,"33":1,"34":4,"35":3,"36":4,"37":1,"38":3,"39":3,"40":3,"41":1,"42":2,"43":1,"44":1,"45":1,"46":1,"47":2,"48":2,"49":1,"50":1,"51":1,"52":3,"53":3,"54":1,"55":2,"56":2,"57":2,"58":2,"59":1,"60":1,"61":1,"62":1,"63":1,"64":1,"65":1,"66":1,"67":1,"68":1,"69":1,"70":0,"71":0,"72":0,"73":0,"74":0,"75":0,"76":1,"77":2,"78":2,"79":1,"80":1,"81":1,"82":1,"83":1,"84":1,"85":3,"86":3,"87":3,"88":2,"89":1,"90":1,"91":1,"92":1,"93":1,"94":1,"95":1,"96":9,"97":9,"98":9,"99":9,"100":2,"101":7,"102":2,"103":5,"104":4,"105":4,"106":2,"107":2,"108":2,"109":2,"110":2,"111":2,"112":2,"113":2,"114":2,"115":1,"116":1,"117":1,"118":1,"119":1,"120":1,"121":1},"f":{"0":1,"1":1,"2":0,"3":4,"4":4,"5":2,"6":2,"7":3,"8":1,"9":2,"10":3,"11":9},"b":{"0":[1,0],"1":[0,0],"2":[2,2],"3":[4,3],"4":[2,0],"5":[2,1],"6":[0,0],"7":[3,1],"8":[1,3],"9":[1,2],"10":[1,1],"11":[1,1],"12":[1,2],"13":[1,0],"14":[1,1],"15":[2,1],"16":[2,7],"17":[2,5],"18":[4,1],"19":[2,2]},"_coverageSchema":"1a1c01bbd47fc00a2c39e90264f33305004495a9","hash":"16a423b7677f012b13348d8f9121f706866183e2","contentHash":"1fcf06647bb0cb0138f562d89298fa62996ab846f989bfc7371339af2a93edeb"},"/home/piti/Pulpit/inżynierka/smartfamily/server/utils/appError.js":{"path":"/home/piti/Pulpit/inżynierka/smartfamily/server/utils/appError.js","statementMap":{"0":{"start":{"line":3,"column":4},"end":{"line":3,"column":19}},"1":{"start":{"line":5,"column":4},"end":{"line":5,"column":33}},"2":{"start":{"line":6,"column":4},"end":{"line":6,"column":69}},"3":{"start":{"line":7,"column":4},"end":{"line":7,"column":30}},"4":{"start":{"line":9,"column":4},"end":{"line":9,"column":53}},"5":{"start":{"line":13,"column":0},"end":{"line":13,"column":26}}},"fnMap":{"0":{"name":"(anonymous_0)","decl":{"start":{"line":2,"column":2},"end":{"line":2,"column":3}},"loc":{"start":{"line":2,"column":35},"end":{"line":10,"column":3}},"line":2}},"branchMap":{"0":{"loc":{"start":{"line":6,"column":18},"end":{"line":6,"column":68}},"type":"cond-expr","locations":[{"start":{"line":6,"column":52},"end":{"line":6,"column":58}},{"start":{"line":6,"column":61},"end":{"line":6,"column":68}}],"line":6}},"s":{"0":54,"1":54,"2":54,"3":54,"4":54,"5":1},"f":{"0":54},"b":{"0":[53,1]},"_coverageSchema":"1a1c01bbd47fc00a2c39e90264f33305004495a9","hash":"c2fa0b0228f524f101ac73ee04e9d61273f55e6d","contentHash":"1b85a0cfbc3a4ef8087f9a02227187661559ba765653521849571a04b88b275e"},"/home/piti/Pulpit/inżynierka/smartfamily/server/utils/catchAsync.js":{"path":"/home/piti/Pulpit/inżynierka/smartfamily/server/utils/catchAsync.js","statementMap":{"0":{"start":{"line":1,"column":0},"end":{"line":1,"column":76}},"1":{"start":{"line":1,"column":25},"end":{"line":1,"column":75}},"2":{"start":{"line":1,"column":45},"end":{"line":1,"column":75}}},"fnMap":{"0":{"name":"(anonymous_0)","decl":{"start":{"line":1,"column":17},"end":{"line":1,"column":18}},"loc":{"start":{"line":1,"column":25},"end":{"line":1,"column":75}},"line":1},"1":{"name":"(anonymous_1)","decl":{"start":{"line":1,"column":25},"end":{"line":1,"column":26}},"loc":{"start":{"line":1,"column":45},"end":{"line":1,"column":75}},"line":1}},"branchMap":{},"s":{"0":1,"1":50,"2":135},"f":{"0":50,"1":135},"b":{},"_coverageSchema":"1a1c01bbd47fc00a2c39e90264f33305004495a9","hash":"8db2563588bb78cc8700746412473f42b058a86f","contentHash":"7a430450e3b04b6be8312a1a351ef14d94555a65bd6e7affce50f7b98e652101"},"/home/piti/Pulpit/inżynierka/smartfamily/server/utils/email.js":{"path":"/home/piti/Pulpit/inżynierka/smartfamily/server/utils/email.js","statementMap":{"0":{"start":{"line":1,"column":19},"end":{"line":1,"column":40}},"1":{"start":{"line":2,"column":12},"end":{"line":2,"column":26}},"2":{"start":{"line":3,"column":19},"end":{"line":3,"column":42}},"3":{"start":{"line":5,"column":0},"end":{"line":77,"column":2}},"4":{"start":{"line":7,"column":4},"end":{"line":7,"column":25}},"5":{"start":{"line":8,"column":4},"end":{"line":8,"column":45}},"6":{"start":{"line":9,"column":4},"end":{"line":9,"column":19}},"7":{"start":{"line":10,"column":4},"end":{"line":10,"column":21}},"8":{"start":{"line":11,"column":4},"end":{"line":11,"column":62}},"9":{"start":{"line":15,"column":4},"end":{"line":24,"column":5}},"10":{"start":{"line":17,"column":6},"end":{"line":23,"column":9}},"11":{"start":{"line":26,"column":4},"end":{"line":33,"column":7}},"12":{"start":{"line":38,"column":4},"end":{"line":38,"column":48}},"13":{"start":{"line":38,"column":41},"end":{"line":38,"column":48}},"14":{"start":{"line":41,"column":17},"end":{"line":46,"column":6}},"15":{"start":{"line":49,"column":24},"end":{"line":55,"column":5}},"16":{"start":{"line":58,"column":4},"end":{"line":58,"column":52}},"17":{"start":{"line":62,"column":4},"end":{"line":62,"column":56}},"18":{"start":{"line":66,"column":4},"end":{"line":69,"column":6}},"19":{"start":{"line":72,"column":4},"end":{"line":75,"column":6}}},"fnMap":{"0":{"name":"(anonymous_0)","decl":{"start":{"line":6,"column":2},"end":{"line":6,"column":3}},"loc":{"start":{"line":6,"column":36},"end":{"line":12,"column":3}},"line":6},"1":{"name":"(anonymous_1)","decl":{"start":{"line":14,"column":2},"end":{"line":14,"column":3}},"loc":{"start":{"line":14,"column":17},"end":{"line":34,"column":3}},"line":14},"2":{"name":"(anonymous_2)","decl":{"start":{"line":37,"column":2},"end":{"line":37,"column":3}},"loc":{"start":{"line":37,"column":32},"end":{"line":59,"column":3}},"line":37},"3":{"name":"(anonymous_3)","decl":{"start":{"line":61,"column":2},"end":{"line":61,"column":3}},"loc":{"start":{"line":61,"column":22},"end":{"line":63,"column":3}},"line":61},"4":{"name":"(anonymous_4)","decl":{"start":{"line":65,"column":2},"end":{"line":65,"column":3}},"loc":{"start":{"line":65,"column":28},"end":{"line":70,"column":3}},"line":65},"5":{"name":"(anonymous_5)","decl":{"start":{"line":71,"column":2},"end":{"line":71,"column":3}},"loc":{"start":{"line":71,"column":32},"end":{"line":76,"column":3}},"line":71}},"branchMap":{"0":{"loc":{"start":{"line":6,"column":25},"end":{"line":6,"column":34}},"type":"default-arg","locations":[{"start":{"line":6,"column":32},"end":{"line":6,"column":34}}],"line":6},"1":{"loc":{"start":{"line":15,"column":4},"end":{"line":24,"column":5}},"type":"if","locations":[{"start":{"line":15,"column":4},"end":{"line":24,"column":5}},{"start":{"line":15,"column":4},"end":{"line":24,"column":5}}],"line":15},"2":{"loc":{"start":{"line":38,"column":4},"end":{"line":38,"column":48}},"type":"if","locations":[{"start":{"line":38,"column":4},"end":{"line":38,"column":48}},{"start":{"line":38,"column":4},"end":{"line":38,"column":48}}],"line":38}},"s":{"0":1,"1":1,"2":1,"3":1,"4":4,"5":4,"6":4,"7":4,"8":4,"9":0,"10":0,"11":0,"12":4,"13":4,"14":0,"15":0,"16":0,"17":0,"18":1,"19":3},"f":{"0":4,"1":0,"2":4,"3":0,"4":1,"5":3},"b":{"0":[1],"1":[0,0],"2":[4,0]},"_coverageSchema":"1a1c01bbd47fc00a2c39e90264f33305004495a9","hash":"7669f63b56a449e7428bfc770dfe0b063e4a8e6b","contentHash":"5bb0793a4a33244fadd7e75ba67bdefb87dff65a3f6e23f6b3f3fc347048fba9"},"/home/piti/Pulpit/inżynierka/smartfamily/server/utils/testError.js":{"path":"/home/piti/Pulpit/inżynierka/smartfamily/server/utils/testError.js","statementMap":{"0":{"start":{"line":1,"column":15},"end":{"line":1,"column":37}},"1":{"start":{"line":3,"column":18},"end":{"line":17,"column":1}},"2":{"start":{"line":4,"column":15},"end":{"line":4,"column":27}},"3":{"start":{"line":4,"column":24},"end":{"line":4,"column":27}},"4":{"start":{"line":6,"column":2},"end":{"line":16,"column":38}},"5":{"start":{"line":8,"column":6},"end":{"line":8,"column":36}},"6":{"start":{"line":9,"column":6},"end":{"line":9,"column":48}},"7":{"start":{"line":10,"column":6},"end":{"line":10,"column":45}},"8":{"start":{"line":11,"column":6},"end":{"line":11,"column":50}},"9":{"start":{"line":12,"column":6},"end":{"line":12,"column":44}},"10":{"start":{"line":14,"column":6},"end":{"line":14,"column":13}},"11":{"start":{"line":16,"column":20},"end":{"line":16,"column":36}},"12":{"start":{"line":19,"column":0},"end":{"line":19,"column":27}}},"fnMap":{"0":{"name":"(anonymous_0)","decl":{"start":{"line":3,"column":18},"end":{"line":3,"column":19}},"loc":{"start":{"line":3,"column":60},"end":{"line":17,"column":1}},"line":3},"1":{"name":"(anonymous_1)","decl":{"start":{"line":4,"column":15},"end":{"line":4,"column":16}},"loc":{"start":{"line":4,"column":24},"end":{"line":4,"column":27}},"line":4},"2":{"name":"(anonymous_2)","decl":{"start":{"line":7,"column":10},"end":{"line":7,"column":11}},"loc":{"start":{"line":7,"column":19},"end":{"line":15,"column":5}},"line":7},"3":{"name":"(anonymous_3)","decl":{"start":{"line":16,"column":11},"end":{"line":16,"column":12}},"loc":{"start":{"line":16,"column":20},"end":{"line":16,"column":36}},"line":16}},"branchMap":{},"s":{"0":1,"1":1,"2":20,"3":20,"4":20,"5":20,"6":20,"7":20,"8":20,"9":20,"10":20,"11":0,"12":1},"f":{"0":20,"1":20,"2":20,"3":0},"b":{},"_coverageSchema":"1a1c01bbd47fc00a2c39e90264f33305004495a9","hash":"7376eb8521a8311b9d28325629032269b63ad5e9","contentHash":"a8ad414db2bb5187705f7023416b3d87e8dc3110579a316b189be63b5c2b0c65"},"/home/piti/Pulpit/inżynierka/smartfamily/server/Budget/model.js":{"path":"/home/piti/Pulpit/inżynierka/smartfamily/server/Budget/model.js","statementMap":{"0":{"start":{"line":1,"column":17},"end":{"line":1,"column":36}},"1":{"start":{"line":3,"column":22},"end":{"line":21,"column":2}},"2":{"start":{"line":13,"column":8},"end":{"line":13,"column":23}},"3":{"start":{"line":23,"column":21},"end":{"line":47,"column":2}},"4":{"start":{"line":49,"column":0},"end":{"line":55,"column":2}},"5":{"start":{"line":50,"column":15},"end":{"line":50,"column":16}},"6":{"start":{"line":51,"column":2},"end":{"line":53,"column":3}},"7":{"start":{"line":52,"column":4},"end":{"line":52,"column":28}},"8":{"start":{"line":54,"column":2},"end":{"line":54,"column":16}},"9":{"start":{"line":57,"column":15},"end":{"line":57,"column":53}},"10":{"start":{"line":59,"column":0},"end":{"line":59,"column":24}}},"fnMap":{"0":{"name":"(anonymous_0)","decl":{"start":{"line":12,"column":17},"end":{"line":12,"column":18}},"loc":{"start":{"line":12,"column":32},"end":{"line":14,"column":7}},"line":12},"1":{"name":"(anonymous_1)","decl":{"start":{"line":49,"column":49},"end":{"line":49,"column":50}},"loc":{"start":{"line":49,"column":61},"end":{"line":55,"column":1}},"line":49}},"branchMap":{},"s":{"0":1,"1":1,"2":0,"3":1,"4":1,"5":2,"6":2,"7":2,"8":2,"9":1,"10":1},"f":{"0":0,"1":2},"b":{},"_coverageSchema":"1a1c01bbd47fc00a2c39e90264f33305004495a9","hash":"0815123ea1eb624708ca9a95f1f8175e5fcd7dc3","contentHash":"e6e7f7c6a71ae2eb4bb82816382ef256f91b5af17a2efcd411b4bd1864978466"},"/home/piti/Pulpit/inżynierka/smartfamily/server/Family/model.js":{"path":"/home/piti/Pulpit/inżynierka/smartfamily/server/Family/model.js","statementMap":{"0":{"start":{"line":1,"column":17},"end":{"line":1,"column":36}},"1":{"start":{"line":3,"column":21},"end":{"line":64,"column":1}},"2":{"start":{"line":66,"column":15},"end":{"line":66,"column":53}},"3":{"start":{"line":68,"column":0},"end":{"line":68,"column":24}}},"fnMap":{},"branchMap":{},"s":{"0":1,"1":1,"2":1,"3":1},"f":{},"b":{},"_coverageSchema":"1a1c01bbd47fc00a2c39e90264f33305004495a9","hash":"16f6caab7773f515e809bcb5d71109fba0531100","contentHash":"ff4e4d26f039e3de26170ca96fa1cbf052958cc0f0cad8bc67ee9fa15e0abdf1"},"/home/piti/Pulpit/inżynierka/smartfamily/server/Budget/controller.js":{"path":"/home/piti/Pulpit/inżynierka/smartfamily/server/Budget/controller.js","statementMap":{"0":{"start":{"line":1,"column":15},"end":{"line":1,"column":33}},"1":{"start":{"line":2,"column":15},"end":{"line":2,"column":41}},"2":{"start":{"line":3,"column":19},"end":{"line":3,"column":49}},"3":{"start":{"line":4,"column":21},"end":{"line":4,"column":55}},"4":{"start":{"line":5,"column":17},"end":{"line":5,"column":45}},"5":{"start":{"line":7,"column":31},"end":{"line":7,"column":68}},"6":{"start":{"line":9,"column":0},"end":{"line":15,"column":3}},"7":{"start":{"line":10,"column":17},"end":{"line":13,"column":4}},"8":{"start":{"line":14,"column":2},"end":{"line":14,"column":75}},"9":{"start":{"line":17,"column":0},"end":{"line":30,"column":3}},"10":{"start":{"line":18,"column":45},"end":{"line":18,"column":53}},"11":{"start":{"line":19,"column":20},"end":{"line":24,"column":4}},"12":{"start":{"line":26,"column":2},"end":{"line":26,"column":37}},"13":{"start":{"line":27,"column":2},"end":{"line":27,"column":49}},"14":{"start":{"line":29,"column":2},"end":{"line":29,"column":70}},"15":{"start":{"line":32,"column":0},"end":{"line":32,"column":51}},"16":{"start":{"line":34,"column":0},"end":{"line":59,"column":3}},"17":{"start":{"line":35,"column":39},"end":{"line":35,"column":47}},"18":{"start":{"line":36,"column":21},"end":{"line":36,"column":56}},"19":{"start":{"line":38,"column":17},"end":{"line":38,"column":53}},"20":{"start":{"line":39,"column":2},"end":{"line":41,"column":3}},"21":{"start":{"line":40,"column":4},"end":{"line":40,"column":73}},"22":{"start":{"line":43,"column":2},"end":{"line":43,"column":35}},"23":{"start":{"line":44,"column":2},"end":{"line":44,"column":45}},"24":{"start":{"line":46,"column":2},"end":{"line":54,"column":3}},"25":{"start":{"line":47,"column":4},"end":{"line":51,"column":6}},"26":{"start":{"line":53,"column":4},"end":{"line":53,"column":63}},"27":{"start":{"line":58,"column":2},"end":{"line":58,"column":67}}},"fnMap":{"0":{"name":"(anonymous_0)","decl":{"start":{"line":9,"column":32},"end":{"line":9,"column":33}},"loc":{"start":{"line":9,"column":58},"end":{"line":15,"column":1}},"line":9},"1":{"name":"(anonymous_1)","decl":{"start":{"line":17,"column":34},"end":{"line":17,"column":35}},"loc":{"start":{"line":17,"column":60},"end":{"line":30,"column":1}},"line":17},"2":{"name":"(anonymous_2)","decl":{"start":{"line":34,"column":40},"end":{"line":34,"column":41}},"loc":{"start":{"line":34,"column":66},"end":{"line":59,"column":1}},"line":34}},"branchMap":{"0":{"loc":{"start":{"line":39,"column":2},"end":{"line":41,"column":3}},"type":"if","locations":[{"start":{"line":39,"column":2},"end":{"line":41,"column":3}},{"start":{"line":39,"column":2},"end":{"line":41,"column":3}}],"line":39},"1":{"loc":{"start":{"line":46,"column":2},"end":{"line":54,"column":3}},"type":"if","locations":[{"start":{"line":46,"column":2},"end":{"line":54,"column":3}},{"start":{"line":46,"column":2},"end":{"line":54,"column":3}}],"line":46}},"s":{"0":1,"1":1,"2":1,"3":1,"4":1,"5":1,"6":1,"7":1,"8":1,"9":1,"10":1,"11":1,"12":1,"13":1,"14":1,"15":1,"16":1,"17":3,"18":3,"19":3,"20":3,"21":1,"22":2,"23":2,"24":2,"25":1,"26":1,"27":2},"f":{"0":1,"1":1,"2":3},"b":{"0":[1,2],"1":[1,1]},"_coverageSchema":"1a1c01bbd47fc00a2c39e90264f33305004495a9","hash":"5da05b38811caf0cd911253ad6fbd1e32184ea65","contentHash":"4b5767c0fd9f598eb2096d1966338fe668483f44140ca68ad65e60cb7d7791e6"},"/home/piti/Pulpit/inżynierka/smartfamily/server/controllers/handlers.js":{"path":"/home/piti/Pulpit/inżynierka/smartfamily/server/controllers/handlers.js","statementMap":{"0":{"start":{"line":1,"column":19},"end":{"line":1,"column":51}},"1":{"start":{"line":2,"column":17},"end":{"line":2,"column":47}},"2":{"start":{"line":3,"column":22},"end":{"line":3,"column":57}},"3":{"start":{"line":6,"column":0},"end":{"line":20,"column":5}},"4":{"start":{"line":7,"column":2},"end":{"line":20,"column":4}},"5":{"start":{"line":8,"column":16},"end":{"line":8,"column":60}},"6":{"start":{"line":10,"column":4},"end":{"line":12,"column":5}},"7":{"start":{"line":11,"column":6},"end":{"line":11,"column":71}},"8":{"start":{"line":14,"column":4},"end":{"line":19,"column":7}},"9":{"start":{"line":23,"column":0},"end":{"line":35,"column":5}},"10":{"start":{"line":24,"column":2},"end":{"line":35,"column":4}},"11":{"start":{"line":25,"column":16},"end":{"line":28,"column":6}},"12":{"start":{"line":30,"column":4},"end":{"line":32,"column":5}},"13":{"start":{"line":31,"column":6},"end":{"line":31,"column":71}},"14":{"start":{"line":34,"column":4},"end":{"line":34,"column":66}},"15":{"start":{"line":38,"column":0},"end":{"line":44,"column":5}},"16":{"start":{"line":39,"column":2},"end":{"line":44,"column":4}},"17":{"start":{"line":40,"column":4},"end":{"line":40,"column":26}},"18":{"start":{"line":41,"column":16},"end":{"line":41,"column":44}},"19":{"start":{"line":43,"column":4},"end":{"line":43,"column":69}},"20":{"start":{"line":48,"column":0},"end":{"line":64,"column":5}},"21":{"start":{"line":49,"column":2},"end":{"line":64,"column":4}},"22":{"start":{"line":50,"column":16},"end":{"line":50,"column":45}},"23":{"start":{"line":53,"column":4},"end":{"line":58,"column":44}},"24":{"start":{"line":54,"column":6},"end":{"line":56,"column":7}},"25":{"start":{"line":55,"column":8},"end":{"line":55,"column":34}},"26":{"start":{"line":57,"column":6},"end":{"line":57,"column":39}},"27":{"start":{"line":58,"column":11},"end":{"line":58,"column":44}},"28":{"start":{"line":59,"column":4},"end":{"line":61,"column":5}},"29":{"start":{"line":60,"column":6},"end":{"line":60,"column":71}},"30":{"start":{"line":63,"column":4},"end":{"line":63,"column":66}},"31":{"start":{"line":67,"column":0},"end":{"line":83,"column":5}},"32":{"start":{"line":68,"column":2},"end":{"line":83,"column":4}},"33":{"start":{"line":69,"column":21},"end":{"line":73,"column":17}},"34":{"start":{"line":76,"column":4},"end":{"line":81,"column":39}},"35":{"start":{"line":77,"column":6},"end":{"line":79,"column":7}},"36":{"start":{"line":78,"column":8},"end":{"line":78,"column":43}},"37":{"start":{"line":80,"column":6},"end":{"line":80,"column":34}},"38":{"start":{"line":81,"column":11},"end":{"line":81,"column":39}},"39":{"start":{"line":82,"column":4},"end":{"line":82,"column":67}}},"fnMap":{"0":{"name":"(anonymous_0)","decl":{"start":{"line":6,"column":20},"end":{"line":6,"column":21}},"loc":{"start":{"line":7,"column":2},"end":{"line":20,"column":4}},"line":7},"1":{"name":"(anonymous_1)","decl":{"start":{"line":7,"column":13},"end":{"line":7,"column":14}},"loc":{"start":{"line":7,"column":39},"end":{"line":20,"column":3}},"line":7},"2":{"name":"(anonymous_2)","decl":{"start":{"line":23,"column":20},"end":{"line":23,"column":21}},"loc":{"start":{"line":24,"column":2},"end":{"line":35,"column":4}},"line":24},"3":{"name":"(anonymous_3)","decl":{"start":{"line":24,"column":13},"end":{"line":24,"column":14}},"loc":{"start":{"line":24,"column":39},"end":{"line":35,"column":3}},"line":24},"4":{"name":"(anonymous_4)","decl":{"start":{"line":38,"column":20},"end":{"line":38,"column":21}},"loc":{"start":{"line":39,"column":2},"end":{"line":44,"column":4}},"line":39},"5":{"name":"(anonymous_5)","decl":{"start":{"line":39,"column":13},"end":{"line":39,"column":14}},"loc":{"start":{"line":39,"column":39},"end":{"line":44,"column":3}},"line":39},"6":{"name":"(anonymous_6)","decl":{"start":{"line":48,"column":17},"end":{"line":48,"column":18}},"loc":{"start":{"line":49,"column":2},"end":{"line":64,"column":4}},"line":49},"7":{"name":"(anonymous_7)","decl":{"start":{"line":49,"column":13},"end":{"line":49,"column":14}},"loc":{"start":{"line":49,"column":39},"end":{"line":64,"column":3}},"line":49},"8":{"name":"(anonymous_8)","decl":{"start":{"line":67,"column":17},"end":{"line":67,"column":18}},"loc":{"start":{"line":68,"column":2},"end":{"line":83,"column":4}},"line":68},"9":{"name":"(anonymous_9)","decl":{"start":{"line":68,"column":13},"end":{"line":68,"column":14}},"loc":{"start":{"line":68,"column":39},"end":{"line":83,"column":3}},"line":68}},"branchMap":{"0":{"loc":{"start":{"line":10,"column":4},"end":{"line":12,"column":5}},"type":"if","locations":[{"start":{"line":10,"column":4},"end":{"line":12,"column":5}},{"start":{"line":10,"column":4},"end":{"line":12,"column":5}}],"line":10},"1":{"loc":{"start":{"line":30,"column":4},"end":{"line":32,"column":5}},"type":"if","locations":[{"start":{"line":30,"column":4},"end":{"line":32,"column":5}},{"start":{"line":30,"column":4},"end":{"line":32,"column":5}}],"line":30},"2":{"loc":{"start":{"line":53,"column":4},"end":{"line":58,"column":44}},"type":"if","locations":[{"start":{"line":53,"column":4},"end":{"line":58,"column":44}},{"start":{"line":53,"column":4},"end":{"line":58,"column":44}}],"line":53},"3":{"loc":{"start":{"line":59,"column":4},"end":{"line":61,"column":5}},"type":"if","locations":[{"start":{"line":59,"column":4},"end":{"line":61,"column":5}},{"start":{"line":59,"column":4},"end":{"line":61,"column":5}}],"line":59},"4":{"loc":{"start":{"line":76,"column":4},"end":{"line":81,"column":39}},"type":"if","locations":[{"start":{"line":76,"column":4},"end":{"line":81,"column":39}},{"start":{"line":76,"column":4},"end":{"line":81,"column":39}}],"line":76}},"s":{"0":1,"1":1,"2":1,"3":1,"4":0,"5":0,"6":0,"7":0,"8":0,"9":1,"10":1,"11":1,"12":1,"13":0,"14":1,"15":1,"16":0,"17":0,"18":0,"19":0,"20":1,"21":8,"22":8,"23":8,"24":0,"25":0,"26":0,"27":8,"28":8,"29":0,"30":8,"31":1,"32":1,"33":1,"34":1,"35":0,"36":0,"37":0,"38":1,"39":1},"f":{"0":0,"1":0,"2":1,"3":1,"4":0,"5":0,"6":8,"7":8,"8":1,"9":1},"b":{"0":[0,0],"1":[0,1],"2":[0,8],"3":[0,8],"4":[0,1]},"_coverageSchema":"1a1c01bbd47fc00a2c39e90264f33305004495a9","hash":"5d97dda445a3996dd4f7f23b235a8081e2ba7dc4","contentHash":"3d0e0c70444de1925d01e46392034637a046d03ac8af2f81e8e3434ae779988c"},"/home/piti/Pulpit/inżynierka/smartfamily/server/utils/queryFeatures.js":{"path":"/home/piti/Pulpit/inżynierka/smartfamily/server/utils/queryFeatures.js","statementMap":{"0":{"start":{"line":3,"column":4},"end":{"line":3,"column":23}},"1":{"start":{"line":4,"column":4},"end":{"line":4,"column":35}},"2":{"start":{"line":8,"column":21},"end":{"line":8,"column":44}},"3":{"start":{"line":9,"column":27},"end":{"line":9,"column":62}},"4":{"start":{"line":10,"column":4},"end":{"line":10,"column":56}},"5":{"start":{"line":10,"column":35},"end":{"line":10,"column":54}},"6":{"start":{"line":13,"column":19},"end":{"line":13,"column":43}},"7":{"start":{"line":14,"column":4},"end":{"line":17,"column":6}},"8":{"start":{"line":16,"column":17},"end":{"line":16,"column":28}},"9":{"start":{"line":18,"column":4},"end":{"line":28,"column":5}},"10":{"start":{"line":19,"column":6},"end":{"line":27,"column":8}},"11":{"start":{"line":22,"column":10},"end":{"line":26,"column":45}},"12":{"start":{"line":29,"column":4},"end":{"line":29,"column":55}},"13":{"start":{"line":31,"column":4},"end":{"line":31,"column":16}},"14":{"start":{"line":35,"column":4},"end":{"line":40,"column":5}},"15":{"start":{"line":36,"column":21},"end":{"line":36,"column":63}},"16":{"start":{"line":37,"column":6},"end":{"line":37,"column":43}},"17":{"start":{"line":39,"column":6},"end":{"line":39,"column":49}},"18":{"start":{"line":41,"column":4},"end":{"line":41,"column":16}},"19":{"start":{"line":45,"column":4},"end":{"line":50,"column":5}},"20":{"start":{"line":46,"column":21},"end":{"line":46,"column":65}},"21":{"start":{"line":47,"column":6},"end":{"line":47,"column":45}},"22":{"start":{"line":49,"column":6},"end":{"line":49,"column":45}},"23":{"start":{"line":52,"column":4},"end":{"line":52,"column":16}},"24":{"start":{"line":56,"column":17},"end":{"line":56,"column":44}},"25":{"start":{"line":57,"column":18},"end":{"line":57,"column":47}},"26":{"start":{"line":58,"column":17},"end":{"line":58,"column":35}},"27":{"start":{"line":60,"column":4},"end":{"line":60,"column":52}},"28":{"start":{"line":62,"column":4},"end":{"line":62,"column":16}},"29":{"start":{"line":66,"column":0},"end":{"line":66,"column":31}}},"fnMap":{"0":{"name":"(anonymous_0)","decl":{"start":{"line":2,"column":2},"end":{"line":2,"column":3}},"loc":{"start":{"line":2,"column":34},"end":{"line":5,"column":3}},"line":2},"1":{"name":"(anonymous_1)","decl":{"start":{"line":7,"column":2},"end":{"line":7,"column":3}},"loc":{"start":{"line":7,"column":11},"end":{"line":32,"column":3}},"line":7},"2":{"name":"(anonymous_2)","decl":{"start":{"line":10,"column":27},"end":{"line":10,"column":28}},"loc":{"start":{"line":10,"column":35},"end":{"line":10,"column":54}},"line":10},"3":{"name":"(anonymous_3)","decl":{"start":{"line":16,"column":6},"end":{"line":16,"column":7}},"loc":{"start":{"line":16,"column":17},"end":{"line":16,"column":28}},"line":16},"4":{"name":"(anonymous_4)","decl":{"start":{"line":21,"column":8},"end":{"line":21,"column":9}},"loc":{"start":{"line":22,"column":10},"end":{"line":26,"column":45}},"line":22},"5":{"name":"(anonymous_5)","decl":{"start":{"line":34,"column":2},"end":{"line":34,"column":3}},"loc":{"start":{"line":34,"column":9},"end":{"line":42,"column":3}},"line":34},"6":{"name":"(anonymous_6)","decl":{"start":{"line":44,"column":2},"end":{"line":44,"column":3}},"loc":{"start":{"line":44,"column":16},"end":{"line":53,"column":3}},"line":44},"7":{"name":"(anonymous_7)","decl":{"start":{"line":55,"column":2},"end":{"line":55,"column":3}},"loc":{"start":{"line":55,"column":13},"end":{"line":63,"column":3}},"line":55}},"branchMap":{"0":{"loc":{"start":{"line":18,"column":4},"end":{"line":28,"column":5}},"type":"if","locations":[{"start":{"line":18,"column":4},"end":{"line":28,"column":5}},{"start":{"line":18,"column":4},"end":{"line":28,"column":5}}],"line":18},"1":{"loc":{"start":{"line":35,"column":4},"end":{"line":40,"column":5}},"type":"if","locations":[{"start":{"line":35,"column":4},"end":{"line":40,"column":5}},{"start":{"line":35,"column":4},"end":{"line":40,"column":5}}],"line":35},"2":{"loc":{"start":{"line":45,"column":4},"end":{"line":50,"column":5}},"type":"if","locations":[{"start":{"line":45,"column":4},"end":{"line":50,"column":5}},{"start":{"line":45,"column":4},"end":{"line":50,"column":5}}],"line":45},"3":{"loc":{"start":{"line":56,"column":17},"end":{"line":56,"column":44}},"type":"binary-expr","locations":[{"start":{"line":56,"column":17},"end":{"line":56,"column":39}},{"start":{"line":56,"column":43},"end":{"line":56,"column":44}}],"line":56},"4":{"loc":{"start":{"line":57,"column":18},"end":{"line":57,"column":47}},"type":"binary-expr","locations":[{"start":{"line":57,"column":18},"end":{"line":57,"column":41}},{"start":{"line":57,"column":45},"end":{"line":57,"column":47}}],"line":57}},"s":{"0":1,"1":1,"2":1,"3":1,"4":1,"5":4,"6":1,"7":1,"8":0,"9":1,"10":0,"11":0,"12":1,"13":1,"14":1,"15":0,"16":0,"17":1,"18":1,"19":1,"20":0,"21":0,"22":1,"23":1,"24":1,"25":1,"26":1,"27":1,"28":1,"29":1},"f":{"0":1,"1":1,"2":4,"3":0,"4":0,"5":1,"6":1,"7":1},"b":{"0":[0,1],"1":[0,1],"2":[0,1],"3":[1,1],"4":[1,1]},"_coverageSchema":"1a1c01bbd47fc00a2c39e90264f33305004495a9","hash":"1a9fa21619268546b63312772cc66c34b9817a3b","contentHash":"9766ed05ffae618407a37ceade41a06e6bf58a0453792b191d9444e93d9c70a4"},"/home/piti/Pulpit/inżynierka/smartfamily/server/Notification/controller.js":{"path":"/home/piti/Pulpit/inżynierka/smartfamily/server/Notification/controller.js","statementMap":{"0":{"start":{"line":1,"column":19},"end":{"line":1,"column":49}},"1":{"start":{"line":2,"column":17},"end":{"line":2,"column":45}},"2":{"start":{"line":4,"column":21},"end":{"line":4,"column":39}},"3":{"start":{"line":5,"column":13},"end":{"line":5,"column":37}},"4":{"start":{"line":6,"column":22},"end":{"line":6,"column":55}},"5":{"start":{"line":7,"column":19},"end":{"line":7,"column":49}},"6":{"start":{"line":8,"column":13},"end":{"line":8,"column":37}},"7":{"start":{"line":9,"column":15},"end":{"line":9,"column":41}},"8":{"start":{"line":10,"column":15},"end":{"line":10,"column":41}},"9":{"start":{"line":13,"column":2},"end":{"line":13,"column":57}},"10":{"start":{"line":15,"column":40},"end":{"line":33,"column":2}},"11":{"start":{"line":16,"column":38},"end":{"line":16,"column":58}},"12":{"start":{"line":17,"column":32},"end":{"line":17,"column":75}},"13":{"start":{"line":18,"column":2},"end":{"line":22,"column":3}},"14":{"start":{"line":19,"column":4},"end":{"line":21,"column":6}},"15":{"start":{"line":24,"column":15},"end":{"line":24,"column":62}},"16":{"start":{"line":26,"column":2},"end":{"line":32,"column":5}},"17":{"start":{"line":34,"column":37},"end":{"line":55,"column":2}},"18":{"start":{"line":35,"column":35},"end":{"line":35,"column":55}},"19":{"start":{"line":36,"column":29},"end":{"line":38,"column":3}},"20":{"start":{"line":40,"column":2},"end":{"line":44,"column":3}},"21":{"start":{"line":41,"column":4},"end":{"line":43,"column":6}},"22":{"start":{"line":46,"column":15},"end":{"line":46,"column":120}},"23":{"start":{"line":48,"column":2},"end":{"line":54,"column":5}},"24":{"start":{"line":56,"column":34},"end":{"line":73,"column":2}},"25":{"start":{"line":57,"column":29},"end":{"line":57,"column":49}},"26":{"start":{"line":58,"column":26},"end":{"line":58,"column":51}},"27":{"start":{"line":60,"column":2},"end":{"line":62,"column":3}},"28":{"start":{"line":61,"column":4},"end":{"line":61,"column":80}},"29":{"start":{"line":64,"column":15},"end":{"line":64,"column":44}},"30":{"start":{"line":66,"column":2},"end":{"line":72,"column":5}},"31":{"start":{"line":74,"column":40},"end":{"line":91,"column":2}},"32":{"start":{"line":75,"column":29},"end":{"line":75,"column":49}},"33":{"start":{"line":76,"column":32},"end":{"line":76,"column":57}},"34":{"start":{"line":78,"column":2},"end":{"line":80,"column":3}},"35":{"start":{"line":79,"column":4},"end":{"line":79,"column":80}},"36":{"start":{"line":82,"column":15},"end":{"line":82,"column":100}},"37":{"start":{"line":84,"column":2},"end":{"line":90,"column":5}},"38":{"start":{"line":93,"column":42},"end":{"line":111,"column":2}},"39":{"start":{"line":94,"column":29},"end":{"line":94,"column":49}},"40":{"start":{"line":96,"column":23},"end":{"line":96,"column":48}},"41":{"start":{"line":98,"column":2},"end":{"line":100,"column":3}},"42":{"start":{"line":99,"column":4},"end":{"line":99,"column":80}},"43":{"start":{"line":102,"column":2},"end":{"line":102,"column":77}},"44":{"start":{"line":104,"column":2},"end":{"line":110,"column":5}},"45":{"start":{"line":113,"column":39},"end":{"line":131,"column":2}},"46":{"start":{"line":114,"column":29},"end":{"line":114,"column":49}},"47":{"start":{"line":116,"column":23},"end":{"line":116,"column":48}},"48":{"start":{"line":118,"column":2},"end":{"line":120,"column":3}},"49":{"start":{"line":119,"column":4},"end":{"line":119,"column":80}},"50":{"start":{"line":122,"column":15},"end":{"line":122,"column":77}},"51":{"start":{"line":124,"column":2},"end":{"line":130,"column":5}},"52":{"start":{"line":132,"column":39},"end":{"line":150,"column":2}},"53":{"start":{"line":133,"column":29},"end":{"line":133,"column":49}},"54":{"start":{"line":135,"column":23},"end":{"line":135,"column":48}},"55":{"start":{"line":137,"column":2},"end":{"line":139,"column":3}},"56":{"start":{"line":138,"column":4},"end":{"line":138,"column":80}},"57":{"start":{"line":141,"column":15},"end":{"line":141,"column":69}},"58":{"start":{"line":143,"column":2},"end":{"line":149,"column":5}},"59":{"start":{"line":151,"column":39},"end":{"line":169,"column":2}},"60":{"start":{"line":152,"column":29},"end":{"line":152,"column":49}},"61":{"start":{"line":154,"column":23},"end":{"line":154,"column":48}},"62":{"start":{"line":156,"column":2},"end":{"line":158,"column":3}},"63":{"start":{"line":157,"column":4},"end":{"line":157,"column":80}},"64":{"start":{"line":160,"column":15},"end":{"line":160,"column":66}},"65":{"start":{"line":162,"column":2},"end":{"line":168,"column":5}},"66":{"start":{"line":171,"column":42},"end":{"line":191,"column":2}},"67":{"start":{"line":172,"column":31},"end":{"line":172,"column":51}},"68":{"start":{"line":174,"column":25},"end":{"line":174,"column":54}},"69":{"start":{"line":176,"column":2},"end":{"line":180,"column":3}},"70":{"start":{"line":177,"column":4},"end":{"line":179,"column":6}},"71":{"start":{"line":182,"column":15},"end":{"line":182,"column":79}},"72":{"start":{"line":184,"column":2},"end":{"line":190,"column":5}},"73":{"start":{"line":193,"column":46},"end":{"line":213,"column":2}},"74":{"start":{"line":194,"column":31},"end":{"line":194,"column":51}},"75":{"start":{"line":196,"column":25},"end":{"line":196,"column":54}},"76":{"start":{"line":198,"column":2},"end":{"line":202,"column":3}},"77":{"start":{"line":199,"column":4},"end":{"line":201,"column":6}},"78":{"start":{"line":204,"column":15},"end":{"line":204,"column":64}},"79":{"start":{"line":206,"column":2},"end":{"line":212,"column":5}},"80":{"start":{"line":215,"column":0},"end":{"line":220,"column":3}},"81":{"start":{"line":216,"column":15},"end":{"line":218,"column":4}},"82":{"start":{"line":219,"column":2},"end":{"line":219,"column":79}},"83":{"start":{"line":222,"column":0},"end":{"line":285,"column":3}},"84":{"start":{"line":223,"column":29},"end":{"line":223,"column":49}},"85":{"start":{"line":225,"column":27},"end":{"line":227,"column":3}},"86":{"start":{"line":228,"column":2},"end":{"line":230,"column":3}},"87":{"start":{"line":229,"column":4},"end":{"line":229,"column":76}},"88":{"start":{"line":234,"column":2},"end":{"line":267,"column":3}},"89":{"start":{"line":236,"column":6},"end":{"line":236,"column":73}},"90":{"start":{"line":237,"column":6},"end":{"line":237,"column":12}},"91":{"start":{"line":239,"column":6},"end":{"line":239,"column":70}},"92":{"start":{"line":240,"column":6},"end":{"line":240,"column":12}},"93":{"start":{"line":242,"column":6},"end":{"line":242,"column":67}},"94":{"start":{"line":243,"column":6},"end":{"line":243,"column":12}},"95":{"start":{"line":245,"column":6},"end":{"line":245,"column":73}},"96":{"start":{"line":246,"column":6},"end":{"line":246,"column":12}},"97":{"start":{"line":248,"column":6},"end":{"line":248,"column":75}},"98":{"start":{"line":249,"column":6},"end":{"line":249,"column":12}},"99":{"start":{"line":251,"column":6},"end":{"line":251,"column":72}},"100":{"start":{"line":252,"column":6},"end":{"line":252,"column":12}},"101":{"start":{"line":254,"column":6},"end":{"line":254,"column":72}},"102":{"start":{"line":255,"column":6},"end":{"line":255,"column":12}},"103":{"start":{"line":257,"column":6},"end":{"line":257,"column":72}},"104":{"start":{"line":258,"column":6},"end":{"line":258,"column":12}},"105":{"start":{"line":260,"column":6},"end":{"line":260,"column":75}},"106":{"start":{"line":261,"column":6},"end":{"line":261,"column":12}},"107":{"start":{"line":263,"column":6},"end":{"line":263,"column":79}},"108":{"start":{"line":264,"column":6},"end":{"line":264,"column":12}},"109":{"start":{"line":266,"column":6},"end":{"line":266,"column":78}},"110":{"start":{"line":269,"column":2},"end":{"line":273,"column":3}},"111":{"start":{"line":270,"column":4},"end":{"line":272,"column":6}},"112":{"start":{"line":275,"column":2},"end":{"line":277,"column":3}},"113":{"start":{"line":276,"column":4},"end":{"line":276,"column":27}},"114":{"start":{"line":279,"column":2},"end":{"line":279,"column":55}},"115":{"start":{"line":280,"column":2},"end":{"line":280,"column":61}},"116":{"start":{"line":282,"column":2},"end":{"line":282,"column":36}},"117":{"start":{"line":284,"column":2},"end":{"line":284,"column":25}}},"fnMap":{"0":{"name":"(anonymous_0)","decl":{"start":{"line":15,"column":51},"end":{"line":15,"column":52}},"loc":{"start":{"line":15,"column":72},"end":{"line":33,"column":1}},"line":15},"1":{"name":"(anonymous_1)","decl":{"start":{"line":34,"column":48},"end":{"line":34,"column":49}},"loc":{"start":{"line":34,"column":69},"end":{"line":55,"column":1}},"line":34},"2":{"name":"(anonymous_2)","decl":{"start":{"line":56,"column":45},"end":{"line":56,"column":46}},"loc":{"start":{"line":56,"column":66},"end":{"line":73,"column":1}},"line":56},"3":{"name":"(anonymous_3)","decl":{"start":{"line":74,"column":51},"end":{"line":74,"column":52}},"loc":{"start":{"line":74,"column":72},"end":{"line":91,"column":1}},"line":74},"4":{"name":"(anonymous_4)","decl":{"start":{"line":93,"column":53},"end":{"line":93,"column":54}},"loc":{"start":{"line":93,"column":74},"end":{"line":111,"column":1}},"line":93},"5":{"name":"(anonymous_5)","decl":{"start":{"line":113,"column":50},"end":{"line":113,"column":51}},"loc":{"start":{"line":113,"column":71},"end":{"line":131,"column":1}},"line":113},"6":{"name":"(anonymous_6)","decl":{"start":{"line":132,"column":50},"end":{"line":132,"column":51}},"loc":{"start":{"line":132,"column":71},"end":{"line":150,"column":1}},"line":132},"7":{"name":"(anonymous_7)","decl":{"start":{"line":151,"column":50},"end":{"line":151,"column":51}},"loc":{"start":{"line":151,"column":71},"end":{"line":169,"column":1}},"line":151},"8":{"name":"(anonymous_8)","decl":{"start":{"line":171,"column":53},"end":{"line":171,"column":54}},"loc":{"start":{"line":171,"column":74},"end":{"line":191,"column":1}},"line":171},"9":{"name":"(anonymous_9)","decl":{"start":{"line":193,"column":57},"end":{"line":193,"column":58}},"loc":{"start":{"line":193,"column":78},"end":{"line":213,"column":1}},"line":193},"10":{"name":"(anonymous_10)","decl":{"start":{"line":215,"column":38},"end":{"line":215,"column":39}},"loc":{"start":{"line":215,"column":64},"end":{"line":220,"column":1}},"line":215},"11":{"name":"(anonymous_11)","decl":{"start":{"line":222,"column":40},"end":{"line":222,"column":41}},"loc":{"start":{"line":222,"column":61},"end":{"line":285,"column":1}},"line":222}},"branchMap":{"0":{"loc":{"start":{"line":18,"column":2},"end":{"line":22,"column":3}},"type":"if","locations":[{"start":{"line":18,"column":2},"end":{"line":22,"column":3}},{"start":{"line":18,"column":2},"end":{"line":22,"column":3}}],"line":18},"1":{"loc":{"start":{"line":40,"column":2},"end":{"line":44,"column":3}},"type":"if","locations":[{"start":{"line":40,"column":2},"end":{"line":44,"column":3}},{"start":{"line":40,"column":2},"end":{"line":44,"column":3}}],"line":40},"2":{"loc":{"start":{"line":60,"column":2},"end":{"line":62,"column":3}},"type":"if","locations":[{"start":{"line":60,"column":2},"end":{"line":62,"column":3}},{"start":{"line":60,"column":2},"end":{"line":62,"column":3}}],"line":60},"3":{"loc":{"start":{"line":78,"column":2},"end":{"line":80,"column":3}},"type":"if","locations":[{"start":{"line":78,"column":2},"end":{"line":80,"column":3}},{"start":{"line":78,"column":2},"end":{"line":80,"column":3}}],"line":78},"4":{"loc":{"start":{"line":98,"column":2},"end":{"line":100,"column":3}},"type":"if","locations":[{"start":{"line":98,"column":2},"end":{"line":100,"column":3}},{"start":{"line":98,"column":2},"end":{"line":100,"column":3}}],"line":98},"5":{"loc":{"start":{"line":118,"column":2},"end":{"line":120,"column":3}},"type":"if","locations":[{"start":{"line":118,"column":2},"end":{"line":120,"column":3}},{"start":{"line":118,"column":2},"end":{"line":120,"column":3}}],"line":118},"6":{"loc":{"start":{"line":137,"column":2},"end":{"line":139,"column":3}},"type":"if","locations":[{"start":{"line":137,"column":2},"end":{"line":139,"column":3}},{"start":{"line":137,"column":2},"end":{"line":139,"column":3}}],"line":137},"7":{"loc":{"start":{"line":156,"column":2},"end":{"line":158,"column":3}},"type":"if","locations":[{"start":{"line":156,"column":2},"end":{"line":158,"column":3}},{"start":{"line":156,"column":2},"end":{"line":158,"column":3}}],"line":156},"8":{"loc":{"start":{"line":176,"column":2},"end":{"line":180,"column":3}},"type":"if","locations":[{"start":{"line":176,"column":2},"end":{"line":180,"column":3}},{"start":{"line":176,"column":2},"end":{"line":180,"column":3}}],"line":176},"9":{"loc":{"start":{"line":198,"column":2},"end":{"line":202,"column":3}},"type":"if","locations":[{"start":{"line":198,"column":2},"end":{"line":202,"column":3}},{"start":{"line":198,"column":2},"end":{"line":202,"column":3}}],"line":198},"10":{"loc":{"start":{"line":228,"column":2},"end":{"line":230,"column":3}},"type":"if","locations":[{"start":{"line":228,"column":2},"end":{"line":230,"column":3}},{"start":{"line":228,"column":2},"end":{"line":230,"column":3}}],"line":228},"11":{"loc":{"start":{"line":234,"column":2},"end":{"line":267,"column":3}},"type":"switch","locations":[{"start":{"line":235,"column":4},"end":{"line":237,"column":12}},{"start":{"line":238,"column":4},"end":{"line":240,"column":12}},{"start":{"line":241,"column":4},"end":{"line":243,"column":12}},{"start":{"line":244,"column":4},"end":{"line":246,"column":12}},{"start":{"line":247,"column":4},"end":{"line":249,"column":12}},{"start":{"line":250,"column":4},"end":{"line":252,"column":12}},{"start":{"line":253,"column":4},"end":{"line":255,"column":12}},{"start":{"line":256,"column":4},"end":{"line":258,"column":12}},{"start":{"line":259,"column":4},"end":{"line":261,"column":12}},{"start":{"line":262,"column":4},"end":{"line":264,"column":12}},{"start":{"line":265,"column":4},"end":{"line":266,"column":78}}],"line":234},"12":{"loc":{"start":{"line":269,"column":2},"end":{"line":273,"column":3}},"type":"if","locations":[{"start":{"line":269,"column":2},"end":{"line":273,"column":3}},{"start":{"line":269,"column":2},"end":{"line":273,"column":3}}],"line":269},"13":{"loc":{"start":{"line":275,"column":2},"end":{"line":277,"column":3}},"type":"if","locations":[{"start":{"line":275,"column":2},"end":{"line":277,"column":3}},{"start":{"line":275,"column":2},"end":{"line":277,"column":3}}],"line":275}},"s":{"0":1,"1":1,"2":1,"3":1,"4":1,"5":1,"6":1,"7":1,"8":1,"9":1,"10":1,"11":2,"12":2,"13":2,"14":1,"15":1,"16":1,"17":1,"18":3,"19":3,"20":3,"21":1,"22":2,"23":2,"24":1,"25":3,"26":3,"27":3,"28":1,"29":2,"30":2,"31":1,"32":3,"33":3,"34":3,"35":1,"36":2,"37":2,"38":1,"39":2,"40":2,"41":2,"42":1,"43":1,"44":1,"45":1,"46":2,"47":2,"48":2,"49":1,"50":1,"51":1,"52":1,"53":3,"54":3,"55":3,"56":1,"57":2,"58":2,"59":1,"60":3,"61":3,"62":3,"63":1,"64":2,"65":2,"66":1,"67":2,"68":2,"69":2,"70":1,"71":1,"72":1,"73":1,"74":3,"75":3,"76":3,"77":1,"78":2,"79":2,"80":1,"81":1,"82":1,"83":1,"84":29,"85":29,"86":29,"87":2,"88":27,"89":2,"90":2,"91":3,"92":3,"93":3,"94":3,"95":3,"96":3,"97":2,"98":2,"99":2,"100":2,"101":3,"102":3,"103":3,"104":3,"105":2,"106":2,"107":3,"108":3,"109":1,"110":26,"111":0,"112":26,"113":10,"114":16,"115":16,"116":16,"117":16},"f":{"0":2,"1":3,"2":3,"3":3,"4":2,"5":2,"6":3,"7":3,"8":2,"9":3,"10":1,"11":29},"b":{"0":[1,1],"1":[1,2],"2":[1,2],"3":[1,2],"4":[1,1],"5":[1,1],"6":[1,2],"7":[1,2],"8":[1,1],"9":[1,2],"10":[2,27],"11":[2,3,3,3,2,2,3,3,2,3,1],"12":[0,26],"13":[10,16]},"_coverageSchema":"1a1c01bbd47fc00a2c39e90264f33305004495a9","hash":"83e4cd8f70758feeefe1335dcc4d7a1108f2c512","contentHash":"1e3b1933cfc64108bcc876c847f4a2856cf484a72da901d2c3955bd59c4632ac"},"/home/piti/Pulpit/inżynierka/smartfamily/server/Notification/model.js":{"path":"/home/piti/Pulpit/inżynierka/smartfamily/server/Notification/model.js","statementMap":{"0":{"start":{"line":1,"column":17},"end":{"line":1,"column":36}},"1":{"start":{"line":3,"column":27},"end":{"line":39,"column":2}},"2":{"start":{"line":41,"column":21},"end":{"line":41,"column":71}},"3":{"start":{"line":43,"column":0},"end":{"line":43,"column":30}}},"fnMap":{},"branchMap":{},"s":{"0":1,"1":1,"2":1,"3":1},"f":{},"b":{},"_coverageSchema":"1a1c01bbd47fc00a2c39e90264f33305004495a9","hash":"324dfd26f38dda6e6141bb5bbb7ddaea64fbc3e2","contentHash":"13f75dc6375b74904dabd13be6fcf6689cf73f70336318be9850c4cc550b61d2"},"/home/piti/Pulpit/inżynierka/smartfamily/server/CalendarEvent/model.js":{"path":"/home/piti/Pulpit/inżynierka/smartfamily/server/CalendarEvent/model.js","statementMap":{"0":{"start":{"line":1,"column":17},"end":{"line":1,"column":36}},"1":{"start":{"line":3,"column":28},"end":{"line":24,"column":2}},"2":{"start":{"line":26,"column":22},"end":{"line":26,"column":74}},"3":{"start":{"line":28,"column":0},"end":{"line":28,"column":31}}},"fnMap":{},"branchMap":{},"s":{"0":1,"1":1,"2":1,"3":1},"f":{},"b":{},"_coverageSchema":"1a1c01bbd47fc00a2c39e90264f33305004495a9","hash":"6524f901c62c78fdbfe9ff914d120be2307dab0a","contentHash":"cb1a00e53bcbb56760ba295252f0eb747c20e73574084d436c5c252284d38dde"},"/home/piti/Pulpit/inżynierka/smartfamily/server/Invitation/model.js":{"path":"/home/piti/Pulpit/inżynierka/smartfamily/server/Invitation/model.js","statementMap":{"0":{"start":{"line":1,"column":17},"end":{"line":1,"column":36}},"1":{"start":{"line":3,"column":25},"end":{"line":23,"column":2}},"2":{"start":{"line":25,"column":19},"end":{"line":25,"column":65}},"3":{"start":{"line":27,"column":0},"end":{"line":27,"column":28}}},"fnMap":{},"branchMap":{},"s":{"0":1,"1":1,"2":1,"3":1},"f":{},"b":{},"_coverageSchema":"1a1c01bbd47fc00a2c39e90264f33305004495a9","hash":"2c07ddb1dc2d12740b39df77622486b06c325f96","contentHash":"fe72e6a2fc85faffd836f4b2f1d4f6681cf759f0d254f92930e257e81a01d4a5"},"/home/piti/Pulpit/inżynierka/smartfamily/server/Task/model.js":{"path":"/home/piti/Pulpit/inżynierka/smartfamily/server/Task/model.js","statementMap":{"0":{"start":{"line":1,"column":17},"end":{"line":1,"column":36}},"1":{"start":{"line":3,"column":19},"end":{"line":54,"column":2}},"2":{"start":{"line":23,"column":8},"end":{"line":23,"column":32}},"3":{"start":{"line":33,"column":8},"end":{"line":33,"column":23}},"4":{"start":{"line":56,"column":13},"end":{"line":56,"column":47}},"5":{"start":{"line":58,"column":0},"end":{"line":58,"column":22}}},"fnMap":{"0":{"name":"(anonymous_0)","decl":{"start":{"line":22,"column":17},"end":{"line":22,"column":18}},"loc":{"start":{"line":22,"column":32},"end":{"line":24,"column":7}},"line":22},"1":{"name":"(anonymous_1)","decl":{"start":{"line":32,"column":17},"end":{"line":32,"column":18}},"loc":{"start":{"line":32,"column":32},"end":{"line":34,"column":7}},"line":32}},"branchMap":{},"s":{"0":1,"1":1,"2":3,"3":3,"4":1,"5":1},"f":{"0":3,"1":3},"b":{},"_coverageSchema":"1a1c01bbd47fc00a2c39e90264f33305004495a9","hash":"b1ed02da22d6bdbbd89a000a9822adb3bfc7a7b2","contentHash":"651ef7789d270433e382fc3a69fbd3a99b48f73ed3aa13d8ccf8a65f1248a29c"},"/home/piti/Pulpit/inżynierka/smartfamily/server/Reward/model.js":{"path":"/home/piti/Pulpit/inżynierka/smartfamily/server/Reward/model.js","statementMap":{"0":{"start":{"line":1,"column":17},"end":{"line":1,"column":36}},"1":{"start":{"line":3,"column":21},"end":{"line":28,"column":2}},"2":{"start":{"line":22,"column":8},"end":{"line":22,"column":23}},"3":{"start":{"line":30,"column":15},"end":{"line":30,"column":53}},"4":{"start":{"line":32,"column":0},"end":{"line":32,"column":24}}},"fnMap":{"0":{"name":"(anonymous_0)","decl":{"start":{"line":21,"column":17},"end":{"line":21,"column":18}},"loc":{"start":{"line":21,"column":32},"end":{"line":23,"column":7}},"line":21}},"branchMap":{},"s":{"0":1,"1":1,"2":3,"3":1,"4":1},"f":{"0":3},"b":{},"_coverageSchema":"1a1c01bbd47fc00a2c39e90264f33305004495a9","hash":"16fd99f16d8850b175f3984572b7466c4e7743f9","contentHash":"54d4d9e8394304f5427b64a318dcc4dd6d0085436fe9aa1e8b13a44069da98a0"},"/home/piti/Pulpit/inżynierka/smartfamily/server/Websockets/notifications.js":{"path":"/home/piti/Pulpit/inżynierka/smartfamily/server/Websockets/notifications.js","statementMap":{"0":{"start":{"line":3,"column":0},"end":{"line":11,"column":2}},"1":{"start":{"line":4,"column":2},"end":{"line":4,"column":16}},"2":{"start":{"line":6,"column":2},"end":{"line":10,"column":5}},"3":{"start":{"line":7,"column":4},"end":{"line":7,"column":59}},"4":{"start":{"line":8,"column":4},"end":{"line":8,"column":29}},"5":{"start":{"line":9,"column":4},"end":{"line":9,"column":66}},"6":{"start":{"line":13,"column":0},"end":{"line":20,"column":2}},"7":{"start":{"line":14,"column":2},"end":{"line":19,"column":7}}},"fnMap":{"0":{"name":"(anonymous_0)","decl":{"start":{"line":3,"column":21},"end":{"line":3,"column":22}},"loc":{"start":{"line":3,"column":37},"end":{"line":11,"column":1}},"line":3},"1":{"name":"(anonymous_1)","decl":{"start":{"line":6,"column":38},"end":{"line":6,"column":39}},"loc":{"start":{"line":6,"column":48},"end":{"line":10,"column":3}},"line":6},"2":{"name":"(anonymous_2)","decl":{"start":{"line":13,"column":27},"end":{"line":13,"column":28}},"loc":{"start":{"line":13,"column":51},"end":{"line":20,"column":1}},"line":13}},"branchMap":{},"s":{"0":1,"1":1,"2":1,"3":3,"4":3,"5":3,"6":1,"7":17},"f":{"0":1,"1":3,"2":17},"b":{},"_coverageSchema":"1a1c01bbd47fc00a2c39e90264f33305004495a9","hash":"d74080c9adab1c32c1830ea60d99a61a7fc571aa","contentHash":"5afbfd022d137cbaf53609b4d6692e85e1982ca7168f51bc8429fc317cc1e6aa"},"/home/piti/Pulpit/inżynierka/smartfamily/server/CalendarEvent/controller.js":{"path":"/home/piti/Pulpit/inżynierka/smartfamily/server/CalendarEvent/controller.js","statementMap":{"0":{"start":{"line":1,"column":22},"end":{"line":1,"column":40}},"1":{"start":{"line":2,"column":15},"end":{"line":2,"column":41}},"2":{"start":{"line":3,"column":19},"end":{"line":3,"column":49}},"3":{"start":{"line":4,"column":21},"end":{"line":4,"column":55}},"4":{"start":{"line":6,"column":17},"end":{"line":6,"column":41}},"5":{"start":{"line":7,"column":15},"end":{"line":7,"column":32}},"6":{"start":{"line":9,"column":31},"end":{"line":9,"column":68}},"7":{"start":{"line":11,"column":0},"end":{"line":19,"column":3}},"8":{"start":{"line":12,"column":17},"end":{"line":15,"column":4}},"9":{"start":{"line":16,"column":2},"end":{"line":18,"column":62}},"10":{"start":{"line":21,"column":0},"end":{"line":47,"column":3}},"11":{"start":{"line":22,"column":38},"end":{"line":22,"column":46}},"12":{"start":{"line":23,"column":27},"end":{"line":29,"column":4}},"13":{"start":{"line":31,"column":2},"end":{"line":31,"column":51}},"14":{"start":{"line":32,"column":2},"end":{"line":32,"column":49}},"15":{"start":{"line":34,"column":2},"end":{"line":44,"column":7}},"16":{"start":{"line":35,"column":4},"end":{"line":44,"column":7}},"17":{"start":{"line":37,"column":6},"end":{"line":41,"column":8}},"18":{"start":{"line":43,"column":6},"end":{"line":43,"column":65}},"19":{"start":{"line":46,"column":2},"end":{"line":46,"column":77}},"20":{"start":{"line":49,"column":0},"end":{"line":49,"column":62}}},"fnMap":{"0":{"name":"(anonymous_0)","decl":{"start":{"line":11,"column":39},"end":{"line":11,"column":40}},"loc":{"start":{"line":11,"column":65},"end":{"line":19,"column":1}},"line":11},"1":{"name":"(anonymous_1)","decl":{"start":{"line":21,"column":41},"end":{"line":21,"column":42}},"loc":{"start":{"line":21,"column":67},"end":{"line":47,"column":1}},"line":21},"2":{"name":"(anonymous_2)","decl":{"start":{"line":35,"column":62},"end":{"line":35,"column":63}},"loc":{"start":{"line":35,"column":74},"end":{"line":44,"column":5}},"line":35}},"branchMap":{"0":{"loc":{"start":{"line":34,"column":2},"end":{"line":44,"column":7}},"type":"if","locations":[{"start":{"line":34,"column":2},"end":{"line":44,"column":7}},{"start":{"line":34,"column":2},"end":{"line":44,"column":7}}],"line":34}},"s":{"0":1,"1":1,"2":1,"3":1,"4":1,"5":1,"6":1,"7":1,"8":1,"9":1,"10":1,"11":1,"12":1,"13":1,"14":1,"15":1,"16":0,"17":0,"18":0,"19":1,"20":1},"f":{"0":1,"1":1,"2":0},"b":{"0":[0,1]},"_coverageSchema":"1a1c01bbd47fc00a2c39e90264f33305004495a9","hash":"ee4eff986d7f1514083eac6b88b3c33198198303","contentHash":"156ab9849585efc41771bfdaa7f9f1753cb8ef87cfe2efa830ec29f555cf1c3c"},"/home/piti/Pulpit/inżynierka/smartfamily/server/Chat/model.js":{"path":"/home/piti/Pulpit/inżynierka/smartfamily/server/Chat/model.js","statementMap":{"0":{"start":{"line":1,"column":17},"end":{"line":1,"column":36}},"1":{"start":{"line":3,"column":19},"end":{"line":20,"column":2}},"2":{"start":{"line":22,"column":13},"end":{"line":22,"column":47}},"3":{"start":{"line":24,"column":0},"end":{"line":24,"column":22}}},"fnMap":{},"branchMap":{},"s":{"0":1,"1":1,"2":1,"3":1},"f":{},"b":{},"_coverageSchema":"1a1c01bbd47fc00a2c39e90264f33305004495a9","hash":"8df5cc3a1e0ce5ded8239b23f32360c3ca967d96","contentHash":"6450cfb22d3c6ad714ed8abb8f8771c2a8a47ea01644810c67d81a245cac6fe5"},"/home/piti/Pulpit/inżynierka/smartfamily/server/Family/controller.js":{"path":"/home/piti/Pulpit/inżynierka/smartfamily/server/Family/controller.js","statementMap":{"0":{"start":{"line":1,"column":15},"end":{"line":1,"column":33}},"1":{"start":{"line":2,"column":13},"end":{"line":2,"column":37}},"2":{"start":{"line":3,"column":13},"end":{"line":3,"column":37}},"3":{"start":{"line":4,"column":19},"end":{"line":4,"column":49}},"4":{"start":{"line":5,"column":21},"end":{"line":5,"column":55}},"5":{"start":{"line":7,"column":0},"end":{"line":16,"column":3}},"6":{"start":{"line":8,"column":15},"end":{"line":11,"column":4}},"7":{"start":{"line":12,"column":2},"end":{"line":15,"column":5}},"8":{"start":{"line":18,"column":0},"end":{"line":37,"column":3}},"9":{"start":{"line":19,"column":15},"end":{"line":19,"column":23}},"10":{"start":{"line":21,"column":18},"end":{"line":24,"column":4}},"11":{"start":{"line":26,"column":20},"end":{"line":31,"column":4}},"12":{"start":{"line":33,"column":2},"end":{"line":33,"column":36}},"13":{"start":{"line":34,"column":2},"end":{"line":34,"column":43}},"14":{"start":{"line":36,"column":2},"end":{"line":36,"column":70}},"15":{"start":{"line":39,"column":0},"end":{"line":39,"column":51}}},"fnMap":{"0":{"name":"(anonymous_0)","decl":{"start":{"line":7,"column":33},"end":{"line":7,"column":34}},"loc":{"start":{"line":7,"column":59},"end":{"line":16,"column":1}},"line":7},"1":{"name":"(anonymous_1)","decl":{"start":{"line":18,"column":34},"end":{"line":18,"column":35}},"loc":{"start":{"line":18,"column":60},"end":{"line":37,"column":1}},"line":18}},"branchMap":{},"s":{"0":1,"1":1,"2":1,"3":1,"4":1,"5":1,"6":1,"7":1,"8":1,"9":1,"10":1,"11":1,"12":1,"13":1,"14":1,"15":1},"f":{"0":1,"1":1},"b":{},"_coverageSchema":"1a1c01bbd47fc00a2c39e90264f33305004495a9","hash":"5bf4111e446c3ab359c614d13b056a13df3c03c4","contentHash":"95a976efb6c648f3b0d9b2dbe37d375768971fcdd80471228a28373692d82539"},"/home/piti/Pulpit/inżynierka/smartfamily/server/Invitation/controller.js":{"path":"/home/piti/Pulpit/inżynierka/smartfamily/server/Invitation/controller.js","statementMap":{"0":{"start":{"line":1,"column":19},"end":{"line":1,"column":37}},"1":{"start":{"line":2,"column":15},"end":{"line":2,"column":41}},"2":{"start":{"line":3,"column":13},"end":{"line":3,"column":37}},"3":{"start":{"line":4,"column":19},"end":{"line":4,"column":49}},"4":{"start":{"line":5,"column":21},"end":{"line":5,"column":55}},"5":{"start":{"line":6,"column":17},"end":{"line":6,"column":45}},"6":{"start":{"line":8,"column":31},"end":{"line":8,"column":68}},"7":{"start":{"line":10,"column":0},"end":{"line":16,"column":3}},"8":{"start":{"line":11,"column":15},"end":{"line":14,"column":4}},"9":{"start":{"line":15,"column":2},"end":{"line":15,"column":79}},"10":{"start":{"line":18,"column":0},"end":{"line":69,"column":3}},"11":{"start":{"line":19,"column":31},"end":{"line":19,"column":39}},"12":{"start":{"line":21,"column":2},"end":{"line":25,"column":3}},"13":{"start":{"line":22,"column":4},"end":{"line":24,"column":6}},"14":{"start":{"line":27,"column":27},"end":{"line":27,"column":56}},"15":{"start":{"line":28,"column":2},"end":{"line":30,"column":3}},"16":{"start":{"line":29,"column":4},"end":{"line":29,"column":73}},"17":{"start":{"line":32,"column":25},"end":{"line":32,"column":54}},"18":{"start":{"line":33,"column":2},"end":{"line":35,"column":3}},"19":{"start":{"line":34,"column":4},"end":{"line":34,"column":71}},"20":{"start":{"line":37,"column":29},"end":{"line":37,"column":75}},"21":{"start":{"line":38,"column":2},"end":{"line":42,"column":3}},"22":{"start":{"line":39,"column":4},"end":{"line":41,"column":6}},"23":{"start":{"line":44,"column":2},"end":{"line":46,"column":3}},"24":{"start":{"line":45,"column":4},"end":{"line":45,"column":75}},"25":{"start":{"line":48,"column":2},"end":{"line":52,"column":3}},"26":{"start":{"line":49,"column":4},"end":{"line":51,"column":6}},"27":{"start":{"line":54,"column":24},"end":{"line":58,"column":4}},"28":{"start":{"line":60,"column":2},"end":{"line":64,"column":4}},"29":{"start":{"line":66,"column":2},"end":{"line":66,"column":61}},"30":{"start":{"line":68,"column":2},"end":{"line":68,"column":74}},"31":{"start":{"line":71,"column":0},"end":{"line":100,"column":3}},"32":{"start":{"line":72,"column":27},"end":{"line":72,"column":37}},"33":{"start":{"line":74,"column":21},"end":{"line":77,"column":4}},"34":{"start":{"line":79,"column":2},"end":{"line":81,"column":3}},"35":{"start":{"line":80,"column":4},"end":{"line":80,"column":73}},"36":{"start":{"line":83,"column":2},"end":{"line":97,"column":3}},"37":{"start":{"line":85,"column":6},"end":{"line":85,"column":58}},"38":{"start":{"line":86,"column":6},"end":{"line":86,"column":66}},"39":{"start":{"line":87,"column":6},"end":{"line":87,"column":45}},"40":{"start":{"line":91,"column":6},"end":{"line":91,"column":12}},"41":{"start":{"line":93,"column":6},"end":{"line":93,"column":45}},"42":{"start":{"line":94,"column":6},"end":{"line":94,"column":12}},"43":{"start":{"line":96,"column":6},"end":{"line":96,"column":12}},"44":{"start":{"line":99,"column":2},"end":{"line":99,"column":25}},"45":{"start":{"line":102,"column":0},"end":{"line":102,"column":59}}},"fnMap":{"0":{"name":"(anonymous_0)","decl":{"start":{"line":10,"column":36},"end":{"line":10,"column":37}},"loc":{"start":{"line":10,"column":62},"end":{"line":16,"column":1}},"line":10},"1":{"name":"(anonymous_1)","decl":{"start":{"line":18,"column":38},"end":{"line":18,"column":39}},"loc":{"start":{"line":18,"column":64},"end":{"line":69,"column":1}},"line":18},"2":{"name":"(anonymous_2)","decl":{"start":{"line":71,"column":42},"end":{"line":71,"column":43}},"loc":{"start":{"line":71,"column":68},"end":{"line":100,"column":1}},"line":71}},"branchMap":{"0":{"loc":{"start":{"line":21,"column":2},"end":{"line":25,"column":3}},"type":"if","locations":[{"start":{"line":21,"column":2},"end":{"line":25,"column":3}},{"start":{"line":21,"column":2},"end":{"line":25,"column":3}}],"line":21},"1":{"loc":{"start":{"line":28,"column":2},"end":{"line":30,"column":3}},"type":"if","locations":[{"start":{"line":28,"column":2},"end":{"line":30,"column":3}},{"start":{"line":28,"column":2},"end":{"line":30,"column":3}}],"line":28},"2":{"loc":{"start":{"line":33,"column":2},"end":{"line":35,"column":3}},"type":"if","locations":[{"start":{"line":33,"column":2},"end":{"line":35,"column":3}},{"start":{"line":33,"column":2},"end":{"line":35,"column":3}}],"line":33},"3":{"loc":{"start":{"line":38,"column":2},"end":{"line":42,"column":3}},"type":"if","locations":[{"start":{"line":38,"column":2},"end":{"line":42,"column":3}},{"start":{"line":38,"column":2},"end":{"line":42,"column":3}}],"line":38},"4":{"loc":{"start":{"line":44,"column":2},"end":{"line":46,"column":3}},"type":"if","locations":[{"start":{"line":44,"column":2},"end":{"line":46,"column":3}},{"start":{"line":44,"column":2},"end":{"line":46,"column":3}}],"line":44},"5":{"loc":{"start":{"line":48,"column":2},"end":{"line":52,"column":3}},"type":"if","locations":[{"start":{"line":48,"column":2},"end":{"line":52,"column":3}},{"start":{"line":48,"column":2},"end":{"line":52,"column":3}}],"line":48},"6":{"loc":{"start":{"line":79,"column":2},"end":{"line":81,"column":3}},"type":"if","locations":[{"start":{"line":79,"column":2},"end":{"line":81,"column":3}},{"start":{"line":79,"column":2},"end":{"line":81,"column":3}}],"line":79},"7":{"loc":{"start":{"line":83,"column":2},"end":{"line":97,"column":3}},"type":"switch","locations":[{"start":{"line":84,"column":4},"end":{"line":91,"column":12}},{"start":{"line":92,"column":4},"end":{"line":94,"column":12}},{"start":{"line":95,"column":4},"end":{"line":96,"column":12}}],"line":83}},"s":{"0":1,"1":1,"2":1
[...]
nd":{"line":13,"column":4}},"8":{"start":{"line":14,"column":2},"end":{"line":14,"column":75}},"9":{"start":{"line":17,"column":0},"end":{"line":38,"column":3}},"10":{"start":{"line":18,"column":47},"end":{"line":18,"column":55}},"11":{"start":{"line":20,"column":2},"end":{"line":24,"column":3}},"12":{"start":{"line":21,"column":4},"end":{"line":23,"column":6}},"13":{"start":{"line":26,"column":20},"end":{"line":32,"column":4}},"14":{"start":{"line":34,"column":2},"end":{"line":34,"column":37}},"15":{"start":{"line":35,"column":2},"end":{"line":35,"column":49}},"16":{"start":{"line":37,"column":2},"end":{"line":37,"column":70}},"17":{"start":{"line":40,"column":0},"end":{"line":74,"column":3}},"18":{"start":{"line":41,"column":17},"end":{"line":41,"column":27}},"19":{"start":{"line":43,"column":2},"end":{"line":45,"column":3}},"20":{"start":{"line":44,"column":4},"end":{"line":44,"column":77}},"21":{"start":{"line":47,"column":17},"end":{"line":47,"column":42}},"22":{"start":{"line":48,"column":2},"end":{"line":50,"column":3}},"23":{"start":{"line":49,"column":4},"end":{"line":49,"column":80}},"24":{"start":{"line":52,"column":2},"end":{"line":59,"column":3}},"25":{"start":{"line":53,"column":4},"end":{"line":58,"column":6}},"26":{"start":{"line":61,"column":2},"end":{"line":61,"column":40}},"27":{"start":{"line":62,"column":2},"end":{"line":62,"column":37}},"28":{"start":{"line":63,"column":2},"end":{"line":63,"column":53}},"29":{"start":{"line":65,"column":2},"end":{"line":69,"column":4}},"30":{"start":{"line":71,"column":2},"end":{"line":71,"column":61}},"31":{"start":{"line":73,"column":2},"end":{"line":73,"column":67}},"32":{"start":{"line":76,"column":0},"end":{"line":76,"column":48}}},"fnMap":{"0":{"name":"(anonymous_0)","decl":{"start":{"line":9,"column":32},"end":{"line":9,"column":33}},"loc":{"start":{"line":9,"column":58},"end":{"line":15,"column":1}},"line":9},"1":{"name":"(anonymous_1)","decl":{"start":{"line":17,"column":34},"end":{"line":17,"column":35}},"loc":{"start":{"line":17,"column":60},"end":{"line":38,"column":1}},"line":17},"2":{"name":"(anonymous_2)","decl":{"start":{"line":40,"column":36},"end":{"line":40,"column":37}},"loc":{"start":{"line":40,"column":62},"end":{"line":74,"column":1}},"line":40}},"branchMap":{"0":{"loc":{"start":{"line":20,"column":2},"end":{"line":24,"column":3}},"type":"if","locations":[{"start":{"line":20,"column":2},"end":{"line":24,"column":3}},{"start":{"line":20,"column":2},"end":{"line":24,"column":3}}],"line":20},"1":{"loc":{"start":{"line":43,"column":2},"end":{"line":45,"column":3}},"type":"if","locations":[{"start":{"line":43,"column":2},"end":{"line":45,"column":3}},{"start":{"line":43,"column":2},"end":{"line":45,"column":3}}],"line":43},"2":{"loc":{"start":{"line":48,"column":2},"end":{"line":50,"column":3}},"type":"if","locations":[{"start":{"line":48,"column":2},"end":{"line":50,"column":3}},{"start":{"line":48,"column":2},"end":{"line":50,"column":3}}],"line":48},"3":{"loc":{"start":{"line":52,"column":2},"end":{"line":59,"column":3}},"type":"if","locations":[{"start":{"line":52,"column":2},"end":{"line":59,"column":3}},{"start":{"line":52,"column":2},"end":{"line":59,"column":3}}],"line":52}},"s":{"0":1,"1":1,"2":1,"3":1,"4":1,"5":1,"6":1,"7":1,"8":1,"9":1,"10":2,"11":2,"12":1,"13":1,"14":1,"15":1,"16":1,"17":1,"18":4,"19":4,"20":1,"21":3,"22":3,"23":1,"24":2,"25":1,"26":1,"27":1,"28":1,"29":1,"30":1,"31":1,"32":1},"f":{"0":1,"1":2,"2":4},"b":{"0":[1,1],"1":[1,3],"2":[1,2],"3":[1,1]},"_coverageSchema":"1a1c01bbd47fc00a2c39e90264f33305004495a9","hash":"11bb51fa15bf1d2389f0985d0c51ebfab8d83f0b","contentHash":"e0605c18e54da7174bae4dacc94fb70364cca64c9eb693c4dbd7579a6cd43703"},"/home/piti/Pulpit/inżynierka/smartfamily/server/ShoppingItem/model.js":{"path":"/home/piti/Pulpit/inżynierka/smartfamily/server/ShoppingItem/model.js","statementMap":{"0":{"start":{"line":1,"column":17},"end":{"line":1,"column":36}},"1":{"start":{"line":3,"column":27},"end":{"line":29,"column":2}},"2":{"start":{"line":23,"column":8},"end":{"line":23,"column":48}},"3":{"start":{"line":31,"column":21},"end":{"line":31,"column":71}},"4":{"start":{"line":33,"column":0},"end":{"line":33,"column":30}}},"fnMap":{"0":{"name":"(anonymous_0)","decl":{"start":{"line":22,"column":17},"end":{"line":22,"column":18}},"loc":{"start":{"line":22,"column":32},"end":{"line":24,"column":7}},"line":22}},"branchMap":{"0":{"loc":{"start":{"line":23,"column":15},"end":{"line":23,"column":47}},"type":"binary-expr","locations":[{"start":{"line":23,"column":15},"end":{"line":23,"column":22}},{"start":{"line":23,"column":26},"end":{"line":23,"column":47}}],"line":23}},"s":{"0":1,"1":1,"2":2,"3":1,"4":1},"f":{"0":2},"b":{"0":[2,2]},"_coverageSchema":"1a1c01bbd47fc00a2c39e90264f33305004495a9","hash":"796bdc0ead0d2ef7995f6fb8ba70029975d94b7a","contentHash":"1e508ec1db0b19228c5c67b047d92626c545b85a5cd332bbfb1279256a778db9"},"/home/piti/Pulpit/inżynierka/smartfamily/server/ShoppingItem/controller.js":{"path":"/home/piti/Pulpit/inżynierka/smartfamily/server/ShoppingItem/controller.js","statementMap":{"0":{"start":{"line":1,"column":21},"end":{"line":1,"column":39}},"1":{"start":{"line":2,"column":15},"end":{"line":2,"column":41}},"2":{"start":{"line":3,"column":19},"end":{"line":3,"column":49}},"3":{"start":{"line":4,"column":21},"end":{"line":4,"column":55}},"4":{"start":{"line":6,"column":0},"end":{"line":13,"column":3}},"5":{"start":{"line":7,"column":17},"end":{"line":10,"column":4}},"6":{"start":{"line":12,"column":2},"end":{"line":12,"column":80}},"7":{"start":{"line":15,"column":0},"end":{"line":29,"column":3}},"8":{"start":{"line":16,"column":39},"end":{"line":16,"column":47}},"9":{"start":{"line":17,"column":26},"end":{"line":23,"column":4}},"10":{"start":{"line":25,"column":2},"end":{"line":25,"column":48}},"11":{"start":{"line":26,"column":2},"end":{"line":26,"column":49}},"12":{"start":{"line":28,"column":2},"end":{"line":28,"column":76}},"13":{"start":{"line":31,"column":0},"end":{"line":31,"column":63}}},"fnMap":{"0":{"name":"(anonymous_0)","decl":{"start":{"line":6,"column":38},"end":{"line":6,"column":39}},"loc":{"start":{"line":6,"column":64},"end":{"line":13,"column":1}},"line":6},"1":{"name":"(anonymous_1)","decl":{"start":{"line":15,"column":40},"end":{"line":15,"column":41}},"loc":{"start":{"line":15,"column":66},"end":{"line":29,"column":1}},"line":15}},"branchMap":{},"s":{"0":1,"1":1,"2":1,"3":1,"4":1,"5":1,"6":1,"7":1,"8":1,"9":1,"10":1,"11":1,"12":1,"13":1},"f":{"0":1,"1":1},"b":{},"_coverageSchema":"1a1c01bbd47fc00a2c39e90264f33305004495a9","hash":"d47dac0f992eb339b4897d9d667792c9b10ad5b5","contentHash":"93fa8c7a578f84fd86a7e41a570e366354ac39a64518e91dc36454c35ddc7bc8"},"/home/piti/Pulpit/inżynierka/smartfamily/server/Task/controller.js":{"path":"/home/piti/Pulpit/inżynierka/smartfamily/server/Task/controller.js","statementMap":{"0":{"start":{"line":1,"column":13},"end":{"line":1,"column":31}},"1":{"start":{"line":2,"column":15},"end":{"line":2,"column":41}},"2":{"start":{"line":3,"column":13},"end":{"line":3,"column":37}},"3":{"start":{"line":4,"column":19},"end":{"line":4,"column":49}},"4":{"start":{"line":5,"column":21},"end":{"line":5,"column":55}},"5":{"start":{"line":6,"column":17},"end":{"line":6,"column":45}},"6":{"start":{"line":8,"column":17},"end":{"line":8,"column":41}},"7":{"start":{"line":9,"column":15},"end":{"line":9,"column":32}},"8":{"start":{"line":11,"column":31},"end":{"line":11,"column":68}},"9":{"start":{"line":13,"column":0},"end":{"line":19,"column":3}},"10":{"start":{"line":14,"column":17},"end":{"line":17,"column":4}},"11":{"start":{"line":18,"column":2},"end":{"line":18,"column":73}},"12":{"start":{"line":21,"column":0},"end":{"line":85,"column":3}},"13":{"start":{"line":22,"column":68},"end":{"line":22,"column":76}},"14":{"start":{"line":24,"column":29},"end":{"line":24,"column":60}},"15":{"start":{"line":26,"column":2},"end":{"line":28,"column":3}},"16":{"start":{"line":27,"column":4},"end":{"line":27,"column":73}},"17":{"start":{"line":30,"column":2},"end":{"line":32,"column":3}},"18":{"start":{"line":31,"column":4},"end":{"line":31,"column":73}},"19":{"start":{"line":34,"column":18},"end":{"line":42,"column":4}},"20":{"start":{"line":44,"column":2},"end":{"line":48,"column":4}},"21":{"start":{"line":50,"column":2},"end":{"line":50,"column":33}},"22":{"start":{"line":51,"column":2},"end":{"line":51,"column":49}},"23":{"start":{"line":53,"column":2},"end":{"line":66,"column":6}},"24":{"start":{"line":54,"column":4},"end":{"line":66,"column":6}},"25":{"start":{"line":58,"column":8},"end":{"line":62,"column":10}},"26":{"start":{"line":64,"column":8},"end":{"line":64,"column":67}},"27":{"start":{"line":67,"column":2},"end":{"line":80,"column":6}},"28":{"start":{"line":68,"column":4},"end":{"line":80,"column":6}},"29":{"start":{"line":72,"column":8},"end":{"line":76,"column":10}},"30":{"start":{"line":78,"column":8},"end":{"line":78,"column":67}},"31":{"start":{"line":82,"column":2},"end":{"line":82,"column":61}},"32":{"start":{"line":84,"column":2},"end":{"line":84,"column":68}},"33":{"start":{"line":87,"column":0},"end":{"line":108,"column":3}},"34":{"start":{"line":88,"column":17},"end":{"line":88,"column":27}},"35":{"start":{"line":90,"column":15},"end":{"line":90,"column":62}},"36":{"start":{"line":92,"column":2},"end":{"line":94,"column":3}},"37":{"start":{"line":93,"column":4},"end":{"line":93,"column":80}},"38":{"start":{"line":96,"column":2},"end":{"line":96,"column":26}},"39":{"start":{"line":97,"column":2},"end":{"line":97,"column":43}},"40":{"start":{"line":99,"column":2},"end":{"line":103,"column":4}},"41":{"start":{"line":105,"column":2},"end":{"line":105,"column":61}},"42":{"start":{"line":107,"column":2},"end":{"line":107,"column":65}},"43":{"start":{"line":110,"column":0},"end":{"line":141,"column":3}},"44":{"start":{"line":111,"column":27},"end":{"line":111,"column":37}},"45":{"start":{"line":113,"column":15},"end":{"line":116,"column":4}},"46":{"start":{"line":118,"column":2},"end":{"line":120,"column":3}},"47":{"start":{"line":119,"column":4},"end":{"line":119,"column":78}},"48":{"start":{"line":122,"column":2},"end":{"line":125,"column":4}},"49":{"start":{"line":127,"column":2},"end":{"line":133,"column":3}},"50":{"start":{"line":128,"column":4},"end":{"line":128,"column":47}},"51":{"start":{"line":129,"column":4},"end":{"line":129,"column":62}},"52":{"start":{"line":130,"column":4},"end":{"line":130,"column":47}},"53":{"start":{"line":132,"column":4},"end":{"line":132,"column":47}},"54":{"start":{"line":135,"column":2},"end":{"line":135,"column":25}},"55":{"start":{"line":136,"column":2},"end":{"line":136,"column":49}},"56":{"start":{"line":138,"column":2},"end":{"line":138,"column":61}},"57":{"start":{"line":140,"column":2},"end":{"line":140,"column":65}},"58":{"start":{"line":143,"column":0},"end":{"line":143,"column":44}}},"fnMap":{"0":{"name":"(anonymous_0)","decl":{"start":{"line":13,"column":30},"end":{"line":13,"column":31}},"loc":{"start":{"line":13,"column":56},"end":{"line":19,"column":1}},"line":13},"1":{"name":"(anonymous_1)","decl":{"start":{"line":21,"column":32},"end":{"line":21,"column":33}},"loc":{"start":{"line":21,"column":58},"end":{"line":85,"column":1}},"line":21},"2":{"name":"(anonymous_2)","decl":{"start":{"line":56,"column":6},"end":{"line":56,"column":7}},"loc":{"start":{"line":56,"column":18},"end":{"line":65,"column":7}},"line":56},"3":{"name":"(anonymous_3)","decl":{"start":{"line":70,"column":6},"end":{"line":70,"column":7}},"loc":{"start":{"line":70,"column":18},"end":{"line":79,"column":7}},"line":70},"4":{"name":"(anonymous_4)","decl":{"start":{"line":87,"column":34},"end":{"line":87,"column":35}},"loc":{"start":{"line":87,"column":60},"end":{"line":108,"column":1}},"line":87},"5":{"name":"(anonymous_5)","decl":{"start":{"line":110,"column":34},"end":{"line":110,"column":35}},"loc":{"start":{"line":110,"column":60},"end":{"line":141,"column":1}},"line":110}},"branchMap":{"0":{"loc":{"start":{"line":26,"column":2},"end":{"line":28,"column":3}},"type":"if","locations":[{"start":{"line":26,"column":2},"end":{"line":28,"column":3}},{"start":{"line":26,"column":2},"end":{"line":28,"column":3}}],"line":26},"1":{"loc":{"start":{"line":26,"column":6},"end":{"line":26,"column":64}},"type":"binary-expr","locations":[{"start":{"line":26,"column":6},"end":{"line":26,"column":25}},{"start":{"line":26,"column":29},"end":{"line":26,"column":64}}],"line":26},"2":{"loc":{"start":{"line":30,"column":2},"end":{"line":32,"column":3}},"type":"if","locations":[{"start":{"line":30,"column":2},"end":{"line":32,"column":3}},{"start":{"line":30,"column":2},"end":{"line":32,"column":3}}],"line":30},"3":{"loc":{"start":{"line":53,"column":2},"end":{"line":66,"column":6}},"type":"if","locations":[{"start":{"line":53,"column":2},"end":{"line":66,"column":6}},{"start":{"line":53,"column":2},"end":{"line":66,"column":6}}],"line":53},"4":{"loc":{"start":{"line":67,"column":2},"end":{"line":80,"column":6}},"type":"if","locations":[{"start":{"line":67,"column":2},"end":{"line":80,"column":6}},{"start":{"line":67,"column":2},"end":{"line":80,"column":6}}],"line":67},"5":{"loc":{"start":{"line":92,"column":2},"end":{"line":94,"column":3}},"type":"if","locations":[{"start":{"line":92,"column":2},"end":{"line":94,"column":3}},{"start":{"line":92,"column":2},"end":{"line":94,"column":3}}],"line":92},"6":{"loc":{"start":{"line":118,"column":2},"end":{"line":120,"column":3}},"type":"if","locations":[{"start":{"line":118,"column":2},"end":{"line":120,"column":3}},{"start":{"line":118,"column":2},"end":{"line":120,"column":3}}],"line":118},"7":{"loc":{"start":{"line":127,"column":2},"end":{"line":133,"column":3}},"type":"if","locations":[{"start":{"line":127,"column":2},"end":{"line":133,"column":3}},{"start":{"line":127,"column":2},"end":{"line":133,"column":3}}],"line":127}},"s":{"0":1,"1":1,"2":1,"3":1,"4":1,"5":1,"6":1,"7":1,"8":1,"9":1,"10":1,"11":1,"12":1,"13":4,"14":4,"15":4,"16":2,"17":2,"18":1,"19":1,"20":1,"21":1,"22":1,"23":1,"24":0,"25":0,"26":0,"27":1,"28":0,"29":0,"30":0,"31":1,"32":1,"33":1,"34":2,"35":2,"36":2,"37":1,"38":1,"39":1,"40":1,"41":1,"42":1,"43":1,"44":3,"45":3,"46":3,"47":1,"48":2,"49":2,"50":1,"51":1,"52":1,"53":1,"54":2,"55":2,"56":2,"57":2,"58":1},"f":{"0":1,"1":4,"2":0,"3":0,"4":2,"5":3},"b":{"0":[2,2],"1":[4,3],"2":[1,1],"3":[0,1],"4":[0,1],"5":[1,1],"6":[1,2],"7":[1,1]},"_coverageSchema":"1a1c01bbd47fc00a2c39e90264f33305004495a9","hash":"2f14788b945c4f8c277aedaac79f255bbed04dd2","contentHash":"abee02507001755c856f710fbaa73735ed080f3403104f977efee06890a38bd2"},"/home/piti/Pulpit/inżynierka/smartfamily/server/User/controller.js":{"path":"/home/piti/Pulpit/inżynierka/smartfamily/server/User/controller.js","statementMap":{"0":{"start":{"line":1,"column":13},"end":{"line":1,"column":31}},"1":{"start":{"line":2,"column":19},"end":{"line":2,"column":51}},"2":{"start":{"line":3,"column":17},"end":{"line":3,"column":47}},"3":{"start":{"line":4,"column":21},"end":{"line":4,"column":57}},"4":{"start":{"line":6,"column":25},"end":{"line":6,"column":60}},"5":{"start":{"line":8,"column":0},"end":{"line":11,"column":2}},"6":{"start":{"line":9,"column":2},"end":{"line":9,"column":30}},"7":{"start":{"line":10,"column":2},"end":{"line":10,"column":9}},"8":{"start":{"line":13,"column":0},"end":{"line":20,"column":2}},"9":{"start":{"line":14,"column":15},"end":{"line":14,"column":17}},"10":{"start":{"line":15,"column":2},"end":{"line":17,"column":3}},"11":{"start":{"line":16,"column":4},"end":{"line":16,"column":61}},"12":{"start":{"line":18,"column":2},"end":{"line":18,"column":18}},"13":{"start":{"line":19,"column":2},"end":{"line":19,"column":9}},"14":{"start":{"line":22,"column":0},"end":{"line":22,"column":44}},"15":{"start":{"line":23,"column":0},"end":{"line":23,"column":48}},"16":{"start":{"line":24,"column":0},"end":{"line":24,"column":50}}},"fnMap":{"0":{"name":"(anonymous_0)","decl":{"start":{"line":8,"column":16},"end":{"line":8,"column":17}},"loc":{"start":{"line":8,"column":36},"end":{"line":11,"column":1}},"line":8},"1":{"name":"(anonymous_1)","decl":{"start":{"line":13,"column":31},"end":{"line":13,"column":32}},"loc":{"start":{"line":13,"column":51},"end":{"line":20,"column":1}},"line":13}},"branchMap":{"0":{"loc":{"start":{"line":16,"column":4},"end":{"line":16,"column":60}},"type":"cond-expr","locations":[{"start":{"line":16,"column":23},"end":{"line":16,"column":52}},{"start":{"line":16,"column":56},"end":{"line":16,"column":60}}],"line":16}},"s":{"0":1,"1":1,"2":1,"3":1,"4":1,"5":1,"6":1,"7":1,"8":1,"9":1,"10":1,"11":3,"12":1,"13":1,"14":1,"15":1,"16":1},"f":{"0":1,"1":1},"b":{"0":[3,0]},"_coverageSchema":"1a1c01bbd47fc00a2c39e90264f33305004495a9","hash":"00f4f698b5dc6c20b1730a0ccf35bf48616c1413","contentHash":"bcdadc5a22d4418d66e8cdb4ad4c67119edff782ddfb70d73123187994641b1e"},"/home/piti/Pulpit/inżynierka/smartfamily/server/Websockets/chat.js":{"path":"/home/piti/Pulpit/inżynierka/smartfamily/server/Websockets/chat.js","statementMap":{"0":{"start":{"line":1,"column":16},"end":{"line":1,"column":43}},"1":{"start":{"line":2,"column":13},"end":{"line":2,"column":37}},"2":{"start":{"line":3,"column":17},"end":{"line":3,"column":45}},"3":{"start":{"line":5,"column":0},"end":{"line":39,"column":2}},"4":{"start":{"line":6,"column":2},"end":{"line":38,"column":5}},"5":{"start":{"line":7,"column":42},"end":{"line":7,"column":46}},"6":{"start":{"line":9,"column":17},"end":{"line":9,"column":44}},"7":{"start":{"line":10,"column":4},"end":{"line":14,"column":5}},"8":{"start":{"line":11,"column":6},"end":{"line":13,"column":9}},"9":{"start":{"line":16,"column":4},"end":{"line":20,"column":5}},"10":{"start":{"line":17,"column":6},"end":{"line":19,"column":9}},"11":{"start":{"line":22,"column":23},"end":{"line":25,"column":6}},"12":{"start":{"line":27,"column":4},"end":{"line":27,"column":35}},"13":{"start":{"line":28,"column":4},"end":{"line":28,"column":16}},"14":{"start":{"line":29,"column":4},"end":{"line":37,"column":5}},"15":{"start":{"line":30,"column":6},"end":{"line":36,"column":9}}},"fnMap":{"0":{"name":"(anonymous_0)","decl":{"start":{"line":5,"column":21},"end":{"line":5,"column":22}},"loc":{"start":{"line":5,"column":37},"end":{"line":39,"column":1}},"line":5},"1":{"name":"(anonymous_1)","decl":{"start":{"line":6,"column":28},"end":{"line":6,"column":29}},"loc":{"start":{"line":6,"column":44},"end":{"line":38,"column":3}},"line":6}},"branchMap":{"0":{"loc":{"start":{"line":10,"column":4},"end":{"line":14,"column":5}},"type":"if","locations":[{"start":{"line":10,"column":4},"end":{"line":14,"column":5}},{"start":{"line":10,"column":4},"end":{"line":14,"column":5}}],"line":10},"1":{"loc":{"start":{"line":16,"column":4},"end":{"line":20,"column":5}},"type":"if","locations":[{"start":{"line":16,"column":4},"end":{"line":20,"column":5}},{"start":{"line":16,"column":4},"end":{"line":20,"column":5}}],"line":16}},"s":{"0":1,"1":1,"2":1,"3":1,"4":1,"5":3,"6":3,"7":3,"8":1,"9":2,"10":1,"11":1,"12":1,"13":1,"14":1,"15":2},"f":{"0":1,"1":3},"b":{"0":[1,2],"1":[1,1]},"_coverageSchema":"1a1c01bbd47fc00a2c39e90264f33305004495a9","hash":"6086f841f758aa2f1d3912bd3a22801e0c07b894","contentHash":"152b13f6cb512884696a97cf8cfb828260bda352241977b5e1afbc1150182d69"},"/home/piti/Pulpit/inżynierka/smartfamily/server/Message/model.js":{"path":"/home/piti/Pulpit/inżynierka/smartfamily/server/Message/model.js","statementMap":{"0":{"start":{"line":1,"column":17},"end":{"line":1,"column":36}},"1":{"start":{"line":3,"column":22},"end":{"line":22,"column":1}},"2":{"start":{"line":24,"column":16},"end":{"line":24,"column":56}},"3":{"start":{"line":26,"column":0},"end":{"line":26,"column":25}}},"fnMap":{},"branchMap":{},"s":{"0":1,"1":1,"2":1,"3":1},"f":{},"b":{},"_coverageSchema":"1a1c01bbd47fc00a2c39e90264f33305004495a9","hash":"dcad3d2b97836ea7e5cdea7734277dbbabf32851","contentHash":"20bac24a12876c65fa4c5606b5211edf187f116834a5c8ce407aada1f8d950f7"}}